Info: Starting: Create simulation model
Info: qsys-generate C:\Users\and-h\Documents\GitHub\Arqui1\Proyecto1\Filter-GPU\sram.qsys --simulation=VERILOG --allow-mixed-language-simulation --output-directory=C:\Users\and-h\Documents\GitHub\Arqui1\Proyecto1\Filter-GPU\sram\simulation --family="Cyclone V" --part=5CSEMA5F31C6
Progress: Loading Filter-GPU/sram.qsys
Progress: Reading input file
Progress: Adding sram_0 [altera_up_avalon_sram 17.1]
Progress: Parameterizing module sram_0
Progress: Building connections
Progress: Parameterizing connections
Progress: Validating
Progress: Done reading input file
Info: sram: Generating sram "sram" for SIM_VERILOG
Info: sram_0: Starting Generation of the SRAM Controller
Info: sram_0: "sram" instantiated altera_up_avalon_sram "sram_0"
Info: sram: Done "sram" with 2 modules, 2 files
Info: qsys-generate succeeded.
Info: Finished: Create simulation model
Info: Starting: Create Modelsim Project.
Info: sim-script-gen --spd=C:\Users\and-h\Documents\GitHub\Arqui1\Proyecto1\Filter-GPU\sram\sram.spd --output-directory=C:/Users/and-h/Documents/GitHub/Arqui1/Proyecto1/Filter-GPU/sram/simulation/ --use-relative-paths=true
Info: Doing: ip-make-simscript --spd=C:\Users\and-h\Documents\GitHub\Arqui1\Proyecto1\Filter-GPU\sram\sram.spd --output-directory=C:/Users/and-h/Documents/GitHub/Arqui1/Proyecto1/Filter-GPU/sram/simulation/ --use-relative-paths=true
Info: Generating the following file(s) for MODELSIM simulator in C:/Users/and-h/Documents/GitHub/Arqui1/Proyecto1/Filter-GPU/sram/simulation/ directory:
Info: 	mentor/msim_setup.tcl
Info: Generating the following file(s) for VCS simulator in C:/Users/and-h/Documents/GitHub/Arqui1/Proyecto1/Filter-GPU/sram/simulation/ directory:
Info: 	synopsys/vcs/vcs_setup.sh
Info: Generating the following file(s) for VCSMX simulator in C:/Users/and-h/Documents/GitHub/Arqui1/Proyecto1/Filter-GPU/sram/simulation/ directory:
Info: 	synopsys/vcsmx/synopsys_sim.setup
Info: 	synopsys/vcsmx/vcsmx_setup.sh
Info: Generating the following file(s) for NCSIM simulator in C:/Users/and-h/Documents/GitHub/Arqui1/Proyecto1/Filter-GPU/sram/simulation/ directory:
Info: 	cadence/cds.lib
Info: 	cadence/hdl.var
Info: 	cadence/ncsim_setup.sh
Info: 	1 .cds.lib files in cadence/cds_libs/ directory
Info: Generating the following file(s) for RIVIERA simulator in C:/Users/and-h/Documents/GitHub/Arqui1/Proyecto1/Filter-GPU/sram/simulation/ directory:
Info: 	aldec/rivierapro_setup.tcl
Info: For information on how to simulate your IP, see the explanatory comments in the simulator-specific subdirectories under C:/Users/and-h/Documents/GitHub/Arqui1/Proyecto1/Filter-GPU/sram/simulation/.
Info: Regenerate these scripts whenever you make any change to any Quartus-generated IP in your project.
Info: Finished: Create Modelsim Project.
Info: Starting: Create block symbol file (.bsf)
Info: qsys-generate C:\Users\and-h\Documents\GitHub\Arqui1\Proyecto1\Filter-GPU\sram.qsys --block-symbol-file --output-directory=C:\Users\and-h\Documents\GitHub\Arqui1\Proyecto1\Filter-GPU\sram --family="Cyclone V" --part=5CSEMA5F31C6
Progress: Loading Filter-GPU/sram.qsys
Progress: Reading input file
Progress: Adding sram_0 [altera_up_avalon_sram 17.1]
Progress: Parameterizing module sram_0
Progress: Building connections
Progress: Parameterizing connections
Progress: Validating
Progress: Done reading input file
Info: qsys-generate succeeded.
Info: Finished: Create block symbol file (.bsf)
Info: 
Info: Starting: Create HDL design files for synthesis
Info: qsys-generate C:\Users\and-h\Documents\GitHub\Arqui1\Proyecto1\Filter-GPU\sram.qsys --synthesis=VERILOG --output-directory=C:\Users\and-h\Documents\GitHub\Arqui1\Proyecto1\Filter-GPU\sram\synthesis --family="Cyclone V" --part=5CSEMA5F31C6
Progress: Loading Filter-GPU/sram.qsys
Progress: Reading input file
Progress: Adding sram_0 [altera_up_avalon_sram 17.1]
Progress: Parameterizing module sram_0
Progress: Building connections
Progress: Parameterizing connections
Progress: Validating
Progress: Done reading input file
Info: sram: Generating sram "sram" for QUARTUS_SYNTH
Info: sram_0: Starting Generation of the SRAM Controller
Info: sram_0: "sram" instantiated altera_up_avalon_sram "sram_0"
Info: sram: Done "sram" with 2 modules, 2 files
Info: qsys-generate succeeded.
Info: Finished: Create HDL design files for synthesis
