Analysis & Synthesis report for VGAController
Sun Sep 01 00:38:19 2019
Quartus Prime Version 18.0.0 Build 614 04/24/2018 SJ Lite Edition


---------------------
; Table of Contents ;
---------------------
  1. Legal Notice
  2. Analysis & Synthesis Summary
  3. Analysis & Synthesis Settings
  4. Parallel Compilation
  5. Analysis & Synthesis Source Files Read
  6. Analysis & Synthesis Resource Usage Summary
  7. Analysis & Synthesis Resource Utilization by Entity
  8. General Register Statistics
  9. Parameter Settings for User Entity Instance: VGA_Controller:controller|clockDivider:cd1
 10. Parameter Settings for User Entity Instance: VGA_Controller:controller|hsync_generator:hsg|nBitCounter:nb1
 11. Parameter Settings for User Entity Instance: VGA_Controller:controller|hsync_generator:hsg|Comparador:c1
 12. Parameter Settings for User Entity Instance: VGA_Controller:controller|hsync_generator:hsg|Comparador:c2
 13. Parameter Settings for User Entity Instance: VGA_Controller:controller|vsync_generator:vsg|nBitCounter:nb1
 14. Parameter Settings for User Entity Instance: VGA_Controller:controller|vsync_generator:vsg|Comparador:c1
 15. Parameter Settings for User Entity Instance: VGA_Controller:controller|vsync_generator:vsg|Comparador:c2
 16. Parameter Settings for User Entity Instance: VGA_Controller:controller|displayAreaVerificator:dav|hdisplayareaverificator:hdv|Comparador:c1
 17. Parameter Settings for User Entity Instance: VGA_Controller:controller|displayAreaVerificator:dav|hdisplayareaverificator:hdv|Comparador:c2
 18. Parameter Settings for User Entity Instance: VGA_Controller:controller|displayAreaVerificator:dav|vdisplayareaverificator:vdv|Comparador:c1
 19. Parameter Settings for User Entity Instance: VGA_Controller:controller|displayAreaVerificator:dav|vdisplayareaverificator:vdv|Comparador:c2
 20. Port Connectivity Checks: "VGA_Controller:controller|displayAreaVerificator:dav|vdisplayareaverificator:vdv|Comparador:c2"
 21. Port Connectivity Checks: "VGA_Controller:controller|displayAreaVerificator:dav|vdisplayareaverificator:vdv|Comparador:c1"
 22. Port Connectivity Checks: "VGA_Controller:controller|displayAreaVerificator:dav|hdisplayareaverificator:hdv|Comparador:c2"
 23. Port Connectivity Checks: "VGA_Controller:controller|displayAreaVerificator:dav|hdisplayareaverificator:hdv|Comparador:c1"
 24. Port Connectivity Checks: "VGA_Controller:controller|vsync_generator:vsg|Comparador:c2"
 25. Port Connectivity Checks: "VGA_Controller:controller|vsync_generator:vsg|Comparador:c1"
 26. Port Connectivity Checks: "VGA_Controller:controller|hsync_generator:hsg|Comparador:c2"
 27. Port Connectivity Checks: "VGA_Controller:controller|hsync_generator:hsg|Comparador:c1|Restador:forloop[0].i2"
 28. Port Connectivity Checks: "VGA_Controller:controller|hsync_generator:hsg|Comparador:c1"
 29. Port Connectivity Checks: "VGA_Controller:controller"
 30. Post-Synthesis Netlist Statistics for Top Partition
 31. Elapsed Time Per Partition
 32. Analysis & Synthesis Messages



----------------
; Legal Notice ;
----------------
Copyright (C) 2018  Intel Corporation. All rights reserved.
Your use of Intel Corporation's design tools, logic functions 
and other software and tools, and its AMPP partner logic 
functions, and any output files from any of the foregoing 
(including device programming or simulation files), and any 
associated documentation or information are expressly subject 
to the terms and conditions of the Intel Program License 
Subscription Agreement, the Intel Quartus Prime License Agreement,
the Intel FPGA IP License Agreement, or other applicable license
agreement, including, without limitation, that your use is for
the sole purpose of programming logic devices manufactured by
Intel and sold by Intel or its authorized distributors.  Please
refer to the applicable agreement for further details.



+-------------------------------------------------------------------------------+
; Analysis & Synthesis Summary                                                  ;
+---------------------------------+---------------------------------------------+
; Analysis & Synthesis Status     ; Successful - Sun Sep 01 00:38:19 2019       ;
; Quartus Prime Version           ; 18.0.0 Build 614 04/24/2018 SJ Lite Edition ;
; Revision Name                   ; VGAController                               ;
; Top-level Entity Name           ; main                                        ;
; Family                          ; Cyclone V                                   ;
; Logic utilization (in ALMs)     ; N/A                                         ;
; Total registers                 ; 48                                          ;
; Total pins                      ; 50                                          ;
; Total virtual pins              ; 0                                           ;
; Total block memory bits         ; 0                                           ;
; Total DSP Blocks                ; 0                                           ;
; Total HSSI RX PCSs              ; 0                                           ;
; Total HSSI PMA RX Deserializers ; 0                                           ;
; Total HSSI TX PCSs              ; 0                                           ;
; Total HSSI PMA TX Serializers   ; 0                                           ;
; Total PLLs                      ; 0                                           ;
; Total DLLs                      ; 0                                           ;
+---------------------------------+---------------------------------------------+


+---------------------------------------------------------------------------------------------------------------------------+
; Analysis & Synthesis Settings                                                                                             ;
+---------------------------------------------------------------------------------+--------------------+--------------------+
; Option                                                                          ; Setting            ; Default Value      ;
+---------------------------------------------------------------------------------+--------------------+--------------------+
; Device                                                                          ; 5CSEMA5F31C6       ;                    ;
; Top-level entity name                                                           ; main               ; VGAController      ;
; Family name                                                                     ; Cyclone V          ; Cyclone V          ;
; Use smart compilation                                                           ; Off                ; Off                ;
; Enable parallel Assembler and Timing Analyzer during compilation                ; On                 ; On                 ;
; Enable compact report table                                                     ; Off                ; Off                ;
; Restructure Multiplexers                                                        ; Auto               ; Auto               ;
; MLAB Add Timing Constraints For Mixed-Port Feed-Through Mode Setting Don't Care ; Off                ; Off                ;
; Create Debugging Nodes for IP Cores                                             ; Off                ; Off                ;
; Preserve fewer node names                                                       ; On                 ; On                 ;
; Intel FPGA IP Evaluation Mode                                                   ; Enable             ; Enable             ;
; Verilog Version                                                                 ; Verilog_2001       ; Verilog_2001       ;
; VHDL Version                                                                    ; VHDL_1993          ; VHDL_1993          ;
; State Machine Processing                                                        ; Auto               ; Auto               ;
; Safe State Machine                                                              ; Off                ; Off                ;
; Extract Verilog State Machines                                                  ; On                 ; On                 ;
; Extract VHDL State Machines                                                     ; On                 ; On                 ;
; Ignore Verilog initial constructs                                               ; Off                ; Off                ;
; Iteration limit for constant Verilog loops                                      ; 5000               ; 5000               ;
; Iteration limit for non-constant Verilog loops                                  ; 250                ; 250                ;
; Add Pass-Through Logic to Inferred RAMs                                         ; On                 ; On                 ;
; Infer RAMs from Raw Logic                                                       ; On                 ; On                 ;
; Parallel Synthesis                                                              ; On                 ; On                 ;
; DSP Block Balancing                                                             ; Auto               ; Auto               ;
; NOT Gate Push-Back                                                              ; On                 ; On                 ;
; Power-Up Don't Care                                                             ; On                 ; On                 ;
; Remove Redundant Logic Cells                                                    ; Off                ; Off                ;
; Remove Duplicate Registers                                                      ; On                 ; On                 ;
; Ignore CARRY Buffers                                                            ; Off                ; Off                ;
; Ignore CASCADE Buffers                                                          ; Off                ; Off                ;
; Ignore GLOBAL Buffers                                                           ; Off                ; Off                ;
; Ignore ROW GLOBAL Buffers                                                       ; Off                ; Off                ;
; Ignore LCELL Buffers                                                            ; Off                ; Off                ;
; Ignore SOFT Buffers                                                             ; On                 ; On                 ;
; Limit AHDL Integers to 32 Bits                                                  ; Off                ; Off                ;
; Optimization Technique                                                          ; Balanced           ; Balanced           ;
; Carry Chain Length                                                              ; 70                 ; 70                 ;
; Auto Carry Chains                                                               ; On                 ; On                 ;
; Auto Open-Drain Pins                                                            ; On                 ; On                 ;
; Perform WYSIWYG Primitive Resynthesis                                           ; Off                ; Off                ;
; Auto ROM Replacement                                                            ; On                 ; On                 ;
; Auto RAM Replacement                                                            ; On                 ; On                 ;
; Auto DSP Block Replacement                                                      ; On                 ; On                 ;
; Auto Shift Register Replacement                                                 ; Auto               ; Auto               ;
; Allow Shift Register Merging across Hierarchies                                 ; Auto               ; Auto               ;
; Auto Clock Enable Replacement                                                   ; On                 ; On                 ;
; Strict RAM Replacement                                                          ; Off                ; Off                ;
; Allow Synchronous Control Signals                                               ; On                 ; On                 ;
; Force Use of Synchronous Clear Signals                                          ; Off                ; Off                ;
; Auto Resource Sharing                                                           ; Off                ; Off                ;
; Allow Any RAM Size For Recognition                                              ; Off                ; Off                ;
; Allow Any ROM Size For Recognition                                              ; Off                ; Off                ;
; Allow Any Shift Register Size For Recognition                                   ; Off                ; Off                ;
; Use LogicLock Constraints during Resource Balancing                             ; On                 ; On                 ;
; Ignore translate_off and synthesis_off directives                               ; Off                ; Off                ;
; Timing-Driven Synthesis                                                         ; On                 ; On                 ;
; Report Parameter Settings                                                       ; On                 ; On                 ;
; Report Source Assignments                                                       ; On                 ; On                 ;
; Report Connectivity Checks                                                      ; On                 ; On                 ;
; Ignore Maximum Fan-Out Assignments                                              ; Off                ; Off                ;
; Synchronization Register Chain Length                                           ; 3                  ; 3                  ;
; Power Optimization During Synthesis                                             ; Normal compilation ; Normal compilation ;
; HDL message level                                                               ; Level2             ; Level2             ;
; Suppress Register Optimization Related Messages                                 ; Off                ; Off                ;
; Number of Removed Registers Reported in Synthesis Report                        ; 5000               ; 5000               ;
; Number of Swept Nodes Reported in Synthesis Report                              ; 5000               ; 5000               ;
; Number of Inverted Registers Reported in Synthesis Report                       ; 100                ; 100                ;
; Clock MUX Protection                                                            ; On                 ; On                 ;
; Auto Gated Clock Conversion                                                     ; Off                ; Off                ;
; Block Design Naming                                                             ; Auto               ; Auto               ;
; SDC constraint protection                                                       ; Off                ; Off                ;
; Synthesis Effort                                                                ; Auto               ; Auto               ;
; Shift Register Replacement - Allow Asynchronous Clear Signal                    ; On                 ; On                 ;
; Pre-Mapping Resynthesis Optimization                                            ; Off                ; Off                ;
; Analysis & Synthesis Message Level                                              ; Medium             ; Medium             ;
; Disable Register Merging Across Hierarchies                                     ; Auto               ; Auto               ;
; Resource Aware Inference For Block RAM                                          ; On                 ; On                 ;
; Automatic Parallel Synthesis                                                    ; On                 ; On                 ;
; Partial Reconfiguration Bitstream ID                                            ; Off                ; Off                ;
+---------------------------------------------------------------------------------+--------------------+--------------------+


+------------------------------------------+
; Parallel Compilation                     ;
+----------------------------+-------------+
; Processors                 ; Number      ;
+----------------------------+-------------+
; Number detected on machine ; 8           ;
; Maximum allowed            ; 4           ;
;                            ;             ;
; Average used               ; 1.00        ;
; Maximum used               ; 4           ;
;                            ;             ;
; Usage by Processor         ; % Time Used ;
;     Processor 1            ; 100.0%      ;
;     Processor 2            ;   0.0%      ;
;     Processors 3-4         ;   0.0%      ;
+----------------------------+-------------+


+----------------------------------------------------------------------------------------------------------------------------------------------------------------------------------------+
; Analysis & Synthesis Source Files Read                                                                                                                                                 ;
+----------------------------------+-----------------+------------------------------+------------------------------------------------------------------------------------------+---------+
; File Name with User-Entered Path ; Used in Netlist ; File Type                    ; File Name with Absolute Path                                                             ; Library ;
+----------------------------------+-----------------+------------------------------+------------------------------------------------------------------------------------------+---------+
; vsync_generator.sv               ; yes             ; User SystemVerilog HDL File  ; C:/Users/Pablo/Documents/1-TEC/Arqui1/Proyecto1/VGAController/vsync_generator.sv         ;         ;
; VGA_Controller.sv                ; yes             ; User SystemVerilog HDL File  ; C:/Users/Pablo/Documents/1-TEC/Arqui1/Proyecto1/VGAController/VGA_Controller.sv          ;         ;
; vdisplayareaverificator.sv       ; yes             ; User SystemVerilog HDL File  ; C:/Users/Pablo/Documents/1-TEC/Arqui1/Proyecto1/VGAController/vdisplayareaverificator.sv ;         ;
; Restador.sv                      ; yes             ; User SystemVerilog HDL File  ; C:/Users/Pablo/Documents/1-TEC/Arqui1/Proyecto1/VGAController/Restador.sv                ;         ;
; nBitCounter.sv                   ; yes             ; User SystemVerilog HDL File  ; C:/Users/Pablo/Documents/1-TEC/Arqui1/Proyecto1/VGAController/nBitCounter.sv             ;         ;
; hsync_generator.sv               ; yes             ; User SystemVerilog HDL File  ; C:/Users/Pablo/Documents/1-TEC/Arqui1/Proyecto1/VGAController/hsync_generator.sv         ;         ;
; hdisplayareaverificator.sv       ; yes             ; User SystemVerilog HDL File  ; C:/Users/Pablo/Documents/1-TEC/Arqui1/Proyecto1/VGAController/hdisplayareaverificator.sv ;         ;
; displayAreaVerificator.sv        ; yes             ; User SystemVerilog HDL File  ; C:/Users/Pablo/Documents/1-TEC/Arqui1/Proyecto1/VGAController/displayAreaVerificator.sv  ;         ;
; Comparador.sv                    ; yes             ; User SystemVerilog HDL File  ; C:/Users/Pablo/Documents/1-TEC/Arqui1/Proyecto1/VGAController/Comparador.sv              ;         ;
; clockDivider.sv                  ; yes             ; User SystemVerilog HDL File  ; C:/Users/Pablo/Documents/1-TEC/Arqui1/Proyecto1/VGAController/clockDivider.sv            ;         ;
; main.sv                          ; yes             ; User SystemVerilog HDL File  ; C:/Users/Pablo/Documents/1-TEC/Arqui1/Proyecto1/VGAController/main.sv                    ;         ;
+----------------------------------+-----------------+------------------------------+------------------------------------------------------------------------------------------+---------+


+-----------------------------------------------------+
; Analysis & Synthesis Resource Usage Summary         ;
+---------------------------------------------+-------+
; Resource                                    ; Usage ;
+---------------------------------------------+-------+
; Estimate of Logic utilization (ALMs needed) ; 39    ;
;                                             ;       ;
; Combinational ALUT usage for logic          ; 68    ;
;     -- 7 input functions                    ; 0     ;
;     -- 6 input functions                    ; 10    ;
;     -- 5 input functions                    ; 5     ;
;     -- 4 input functions                    ; 3     ;
;     -- <=3 input functions                  ; 50    ;
;                                             ;       ;
; Dedicated logic registers                   ; 48    ;
;                                             ;       ;
; I/O pins                                    ; 50    ;
;                                             ;       ;
; Total DSP Blocks                            ; 0     ;
;                                             ;       ;
; Maximum fan-out node                        ; rtl~0 ;
; Maximum fan-out                             ; 38    ;
; Total fan-out                               ; 413   ;
; Average fan-out                             ; 1.91  ;
+---------------------------------------------+-------+


+-------------------------------------------------------------------------------------------------------------------------------------------------------------------------------------------------------------------------------------------------------------------------------------------------------------------------+
; Analysis & Synthesis Resource Utilization by Entity                                                                                                                                                                                                                                                                     ;
+-----------------------------------------+---------------------+---------------------------+-------------------+------------+------+--------------+-----------------------------------------------------------------------------------------------------------------------------+-------------------------+--------------+
; Compilation Hierarchy Node              ; Combinational ALUTs ; Dedicated Logic Registers ; Block Memory Bits ; DSP Blocks ; Pins ; Virtual Pins ; Full Hierarchy Name                                                                                                         ; Entity Name             ; Library Name ;
+-----------------------------------------+---------------------+---------------------------+-------------------+------------+------+--------------+-----------------------------------------------------------------------------------------------------------------------------+-------------------------+--------------+
; |main                                   ; 68 (1)              ; 48 (0)                    ; 0                 ; 0          ; 50   ; 0            ; |main                                                                                                                       ; main                    ; work         ;
;    |VGA_Controller:controller|          ; 67 (1)              ; 48 (0)                    ; 0                 ; 0          ; 0    ; 0            ; |main|VGA_Controller:controller                                                                                             ; VGA_Controller          ; work         ;
;       |clockDivider:cd1|                ; 33 (33)             ; 28 (28)                   ; 0                 ; 0          ; 0    ; 0            ; |main|VGA_Controller:controller|clockDivider:cd1                                                                            ; clockDivider            ; work         ;
;       |displayAreaVerificator:dav|      ; 8 (3)               ; 0 (0)                     ; 0                 ; 0          ; 0    ; 0            ; |main|VGA_Controller:controller|displayAreaVerificator:dav                                                                  ; displayAreaVerificator  ; work         ;
;          |hdisplayareaverificator:hdv|  ; 3 (0)               ; 0 (0)                     ; 0                 ; 0          ; 0    ; 0            ; |main|VGA_Controller:controller|displayAreaVerificator:dav|hdisplayareaverificator:hdv                                      ; hdisplayareaverificator ; work         ;
;             |Comparador:c1|             ; 1 (0)               ; 0 (0)                     ; 0                 ; 0          ; 0    ; 0            ; |main|VGA_Controller:controller|displayAreaVerificator:dav|hdisplayareaverificator:hdv|Comparador:c1                        ; Comparador              ; work         ;
;                |Restador:forloop[9].i1| ; 1 (1)               ; 0 (0)                     ; 0                 ; 0          ; 0    ; 0            ; |main|VGA_Controller:controller|displayAreaVerificator:dav|hdisplayareaverificator:hdv|Comparador:c1|Restador:forloop[9].i1 ; Restador                ; work         ;
;             |Comparador:c2|             ; 2 (0)               ; 0 (0)                     ; 0                 ; 0          ; 0    ; 0            ; |main|VGA_Controller:controller|displayAreaVerificator:dav|hdisplayareaverificator:hdv|Comparador:c2                        ; Comparador              ; work         ;
;                |Restador:forloop[9].i1| ; 2 (2)               ; 0 (0)                     ; 0                 ; 0          ; 0    ; 0            ; |main|VGA_Controller:controller|displayAreaVerificator:dav|hdisplayareaverificator:hdv|Comparador:c2|Restador:forloop[9].i1 ; Restador                ; work         ;
;          |vdisplayareaverificator:vdv|  ; 2 (0)               ; 0 (0)                     ; 0                 ; 0          ; 0    ; 0            ; |main|VGA_Controller:controller|displayAreaVerificator:dav|vdisplayareaverificator:vdv                                      ; vdisplayareaverificator ; work         ;
;             |Comparador:c1|             ; 2 (0)               ; 0 (0)                     ; 0                 ; 0          ; 0    ; 0            ; |main|VGA_Controller:controller|displayAreaVerificator:dav|vdisplayareaverificator:vdv|Comparador:c1                        ; Comparador              ; work         ;
;                |Restador:forloop[9].i1| ; 2 (2)               ; 0 (0)                     ; 0                 ; 0          ; 0    ; 0            ; |main|VGA_Controller:controller|displayAreaVerificator:dav|vdisplayareaverificator:vdv|Comparador:c1|Restador:forloop[9].i1 ; Restador                ; work         ;
;       |hsync_generator:hsg|             ; 13 (0)              ; 10 (0)                    ; 0                 ; 0          ; 0    ; 0            ; |main|VGA_Controller:controller|hsync_generator:hsg                                                                         ; hsync_generator         ; work         ;
;          |Comparador:c1|                ; 1 (0)               ; 0 (0)                     ; 0                 ; 0          ; 0    ; 0            ; |main|VGA_Controller:controller|hsync_generator:hsg|Comparador:c1                                                           ; Comparador              ; work         ;
;             |Restador:forloop[9].i1|    ; 1 (1)               ; 0 (0)                     ; 0                 ; 0          ; 0    ; 0            ; |main|VGA_Controller:controller|hsync_generator:hsg|Comparador:c1|Restador:forloop[9].i1                                    ; Restador                ; work         ;
;          |Comparador:c2|                ; 2 (0)               ; 0 (0)                     ; 0                 ; 0          ; 0    ; 0            ; |main|VGA_Controller:controller|hsync_generator:hsg|Comparador:c2                                                           ; Comparador              ; work         ;
;             |Restador:forloop[9].i1|    ; 2 (2)               ; 0 (0)                     ; 0                 ; 0          ; 0    ; 0            ; |main|VGA_Controller:controller|hsync_generator:hsg|Comparador:c2|Restador:forloop[9].i1                                    ; Restador                ; work         ;
;          |nBitCounter:nb1|              ; 10 (10)             ; 10 (10)                   ; 0                 ; 0          ; 0    ; 0            ; |main|VGA_Controller:controller|hsync_generator:hsg|nBitCounter:nb1                                                         ; nBitCounter             ; work         ;
;       |vsync_generator:vsg|             ; 12 (0)              ; 10 (0)                    ; 0                 ; 0          ; 0    ; 0            ; |main|VGA_Controller:controller|vsync_generator:vsg                                                                         ; vsync_generator         ; work         ;
;          |Comparador:c1|                ; 1 (0)               ; 0 (0)                     ; 0                 ; 0          ; 0    ; 0            ; |main|VGA_Controller:controller|vsync_generator:vsg|Comparador:c1                                                           ; Comparador              ; work         ;
;             |Restador:forloop[9].i1|    ; 1 (1)               ; 0 (0)                     ; 0                 ; 0          ; 0    ; 0            ; |main|VGA_Controller:controller|vsync_generator:vsg|Comparador:c1|Restador:forloop[9].i1                                    ; Restador                ; work         ;
;          |Comparador:c2|                ; 1 (0)               ; 0 (0)                     ; 0                 ; 0          ; 0    ; 0            ; |main|VGA_Controller:controller|vsync_generator:vsg|Comparador:c2                                                           ; Comparador              ; work         ;
;             |Restador:forloop[9].i1|    ; 1 (1)               ; 0 (0)                     ; 0                 ; 0          ; 0    ; 0            ; |main|VGA_Controller:controller|vsync_generator:vsg|Comparador:c2|Restador:forloop[9].i1                                    ; Restador                ; work         ;
;          |nBitCounter:nb1|              ; 10 (10)             ; 10 (10)                   ; 0                 ; 0          ; 0    ; 0            ; |main|VGA_Controller:controller|vsync_generator:vsg|nBitCounter:nb1                                                         ; nBitCounter             ; work         ;
+-----------------------------------------+---------------------+---------------------------+-------------------+------------+------+--------------+-----------------------------------------------------------------------------------------------------------------------------+-------------------------+--------------+
Note: For table entries with two numbers listed, the numbers in parentheses indicate the number of resources of the given type used by the specific entity alone. The numbers listed outside of parentheses indicate the total resources of the given type used by the specific entity and all of its sub-entities in the hierarchy.


+------------------------------------------------------+
; General Register Statistics                          ;
+----------------------------------------------+-------+
; Statistic                                    ; Value ;
+----------------------------------------------+-------+
; Total registers                              ; 48    ;
; Number of registers using Synchronous Clear  ; 28    ;
; Number of registers using Synchronous Load   ; 0     ;
; Number of registers using Asynchronous Clear ; 20    ;
; Number of registers using Asynchronous Load  ; 0     ;
; Number of registers using Clock Enable       ; 0     ;
; Number of registers using Preset             ; 0     ;
+----------------------------------------------+-------+


+-----------------------------------------------------------------------------------------+
; Parameter Settings for User Entity Instance: VGA_Controller:controller|clockDivider:cd1 ;
+----------------+-------+----------------------------------------------------------------+
; Parameter Name ; Value ; Type                                                           ;
+----------------+-------+----------------------------------------------------------------+
; DIVISOR        ; 2     ; Signed Integer                                                 ;
+----------------+-------+----------------------------------------------------------------+
Note: In order to hide this table in the UI and the text report file, please set the "Show Parameter Settings in Synthesis Report" option in "Analysis and Synthesis Settings -> More Settings" to "Off".


+------------------------------------------------------------------------------------------------------------+
; Parameter Settings for User Entity Instance: VGA_Controller:controller|hsync_generator:hsg|nBitCounter:nb1 ;
+----------------+-------+-----------------------------------------------------------------------------------+
; Parameter Name ; Value ; Type                                                                              ;
+----------------+-------+-----------------------------------------------------------------------------------+
; n              ; 10    ; Signed Integer                                                                    ;
+----------------+-------+-----------------------------------------------------------------------------------+
Note: In order to hide this table in the UI and the text report file, please set the "Show Parameter Settings in Synthesis Report" option in "Analysis and Synthesis Settings -> More Settings" to "Off".


+----------------------------------------------------------------------------------------------------------+
; Parameter Settings for User Entity Instance: VGA_Controller:controller|hsync_generator:hsg|Comparador:c1 ;
+----------------+-------+---------------------------------------------------------------------------------+
; Parameter Name ; Value ; Type                                                                            ;
+----------------+-------+---------------------------------------------------------------------------------+
; N              ; 10    ; Signed Integer                                                                  ;
+----------------+-------+---------------------------------------------------------------------------------+
Note: In order to hide this table in the UI and the text report file, please set the "Show Parameter Settings in Synthesis Report" option in "Analysis and Synthesis Settings -> More Settings" to "Off".


+----------------------------------------------------------------------------------------------------------+
; Parameter Settings for User Entity Instance: VGA_Controller:controller|hsync_generator:hsg|Comparador:c2 ;
+----------------+-------+---------------------------------------------------------------------------------+
; Parameter Name ; Value ; Type                                                                            ;
+----------------+-------+---------------------------------------------------------------------------------+
; N              ; 10    ; Signed Integer                                                                  ;
+----------------+-------+---------------------------------------------------------------------------------+
Note: In order to hide this table in the UI and the text report file, please set the "Show Parameter Settings in Synthesis Report" option in "Analysis and Synthesis Settings -> More Settings" to "Off".


+------------------------------------------------------------------------------------------------------------+
; Parameter Settings for User Entity Instance: VGA_Controller:controller|vsync_generator:vsg|nBitCounter:nb1 ;
+----------------+-------+-----------------------------------------------------------------------------------+
; Parameter Name ; Value ; Type                                                                              ;
+----------------+-------+-----------------------------------------------------------------------------------+
; n              ; 10    ; Signed Integer                                                                    ;
+----------------+-------+-----------------------------------------------------------------------------------+
Note: In order to hide this table in the UI and the text report file, please set the "Show Parameter Settings in Synthesis Report" option in "Analysis and Synthesis Settings -> More Settings" to "Off".


+----------------------------------------------------------------------------------------------------------+
; Parameter Settings for User Entity Instance: VGA_Controller:controller|vsync_generator:vsg|Comparador:c1 ;
+----------------+-------+---------------------------------------------------------------------------------+
; Parameter Name ; Value ; Type                                                                            ;
+----------------+-------+---------------------------------------------------------------------------------+
; N              ; 10    ; Signed Integer                                                                  ;
+----------------+-------+---------------------------------------------------------------------------------+
Note: In order to hide this table in the UI and the text report file, please set the "Show Parameter Settings in Synthesis Report" option in "Analysis and Synthesis Settings -> More Settings" to "Off".


+----------------------------------------------------------------------------------------------------------+
; Parameter Settings for User Entity Instance: VGA_Controller:controller|vsync_generator:vsg|Comparador:c2 ;
+----------------+-------+---------------------------------------------------------------------------------+
; Parameter Name ; Value ; Type                                                                            ;
+----------------+-------+---------------------------------------------------------------------------------+
; N              ; 10    ; Signed Integer                                                                  ;
+----------------+-------+---------------------------------------------------------------------------------+
Note: In order to hide this table in the UI and the text report file, please set the "Show Parameter Settings in Synthesis Report" option in "Analysis and Synthesis Settings -> More Settings" to "Off".


+---------------------------------------------------------------------------------------------------------------------------------------------+
; Parameter Settings for User Entity Instance: VGA_Controller:controller|displayAreaVerificator:dav|hdisplayareaverificator:hdv|Comparador:c1 ;
+----------------+-------+--------------------------------------------------------------------------------------------------------------------+
; Parameter Name ; Value ; Type                                                                                                               ;
+----------------+-------+--------------------------------------------------------------------------------------------------------------------+
; N              ; 10    ; Signed Integer                                                                                                     ;
+----------------+-------+--------------------------------------------------------------------------------------------------------------------+
Note: In order to hide this table in the UI and the text report file, please set the "Show Parameter Settings in Synthesis Report" option in "Analysis and Synthesis Settings -> More Settings" to "Off".


+---------------------------------------------------------------------------------------------------------------------------------------------+
; Parameter Settings for User Entity Instance: VGA_Controller:controller|displayAreaVerificator:dav|hdisplayareaverificator:hdv|Comparador:c2 ;
+----------------+-------+--------------------------------------------------------------------------------------------------------------------+
; Parameter Name ; Value ; Type                                                                                                               ;
+----------------+-------+--------------------------------------------------------------------------------------------------------------------+
; N              ; 10    ; Signed Integer                                                                                                     ;
+----------------+-------+--------------------------------------------------------------------------------------------------------------------+
Note: In order to hide this table in the UI and the text report file, please set the "Show Parameter Settings in Synthesis Report" option in "Analysis and Synthesis Settings -> More Settings" to "Off".


+---------------------------------------------------------------------------------------------------------------------------------------------+
; Parameter Settings for User Entity Instance: VGA_Controller:controller|displayAreaVerificator:dav|vdisplayareaverificator:vdv|Comparador:c1 ;
+----------------+-------+--------------------------------------------------------------------------------------------------------------------+
; Parameter Name ; Value ; Type                                                                                                               ;
+----------------+-------+--------------------------------------------------------------------------------------------------------------------+
; N              ; 10    ; Signed Integer                                                                                                     ;
+----------------+-------+--------------------------------------------------------------------------------------------------------------------+
Note: In order to hide this table in the UI and the text report file, please set the "Show Parameter Settings in Synthesis Report" option in "Analysis and Synthesis Settings -> More Settings" to "Off".


+---------------------------------------------------------------------------------------------------------------------------------------------+
; Parameter Settings for User Entity Instance: VGA_Controller:controller|displayAreaVerificator:dav|vdisplayareaverificator:vdv|Comparador:c2 ;
+----------------+-------+--------------------------------------------------------------------------------------------------------------------+
; Parameter Name ; Value ; Type                                                                                                               ;
+----------------+-------+--------------------------------------------------------------------------------------------------------------------+
; N              ; 10    ; Signed Integer                                                                                                     ;
+----------------+-------+--------------------------------------------------------------------------------------------------------------------+
Note: In order to hide this table in the UI and the text report file, please set the "Show Parameter Settings in Synthesis Report" option in "Analysis and Synthesis Settings -> More Settings" to "Off".


+----------------------------------------------------------------------------------------------------------------------------+
; Port Connectivity Checks: "VGA_Controller:controller|displayAreaVerificator:dav|vdisplayareaverificator:vdv|Comparador:c2" ;
+-----------------+--------+----------+--------------------------------------------------------------------------------------+
; Port            ; Type   ; Severity ; Details                                                                              ;
+-----------------+--------+----------+--------------------------------------------------------------------------------------+
; Constante[1..0] ; Input  ; Info     ; Stuck at VCC                                                                         ;
; Constante[8..2] ; Input  ; Info     ; Stuck at GND                                                                         ;
; Constante[9]    ; Input  ; Info     ; Stuck at VCC                                                                         ;
; S               ; Output ; Info     ; Connected to dangling logic. Logic that only feeds a dangling port will be removed.  ;
+-----------------+--------+----------+--------------------------------------------------------------------------------------+


+----------------------------------------------------------------------------------------------------------------------------+
; Port Connectivity Checks: "VGA_Controller:controller|displayAreaVerificator:dav|vdisplayareaverificator:vdv|Comparador:c1" ;
+----------------+--------+----------+---------------------------------------------------------------------------------------+
; Port           ; Type   ; Severity ; Details                                                                               ;
+----------------+--------+----------+---------------------------------------------------------------------------------------+
; Contador[1..0] ; Input  ; Info     ; Stuck at VCC                                                                          ;
; Contador[9..6] ; Input  ; Info     ; Stuck at GND                                                                          ;
; Contador[4..2] ; Input  ; Info     ; Stuck at GND                                                                          ;
; Contador[5]    ; Input  ; Info     ; Stuck at VCC                                                                          ;
; S              ; Output ; Info     ; Connected to dangling logic. Logic that only feeds a dangling port will be removed.   ;
+----------------+--------+----------+---------------------------------------------------------------------------------------+


+----------------------------------------------------------------------------------------------------------------------------+
; Port Connectivity Checks: "VGA_Controller:controller|displayAreaVerificator:dav|hdisplayareaverificator:hdv|Comparador:c2" ;
+-----------------+--------+----------+--------------------------------------------------------------------------------------+
; Port            ; Type   ; Severity ; Details                                                                              ;
+-----------------+--------+----------+--------------------------------------------------------------------------------------+
; Constante[9..8] ; Input  ; Info     ; Stuck at VCC                                                                         ;
; Constante[7..4] ; Input  ; Info     ; Stuck at GND                                                                         ;
; Constante[3]    ; Input  ; Info     ; Stuck at VCC                                                                         ;
; Constante[2]    ; Input  ; Info     ; Stuck at GND                                                                         ;
; Constante[1]    ; Input  ; Info     ; Stuck at VCC                                                                         ;
; Constante[0]    ; Input  ; Info     ; Stuck at GND                                                                         ;
; S               ; Output ; Info     ; Connected to dangling logic. Logic that only feeds a dangling port will be removed.  ;
+-----------------+--------+----------+--------------------------------------------------------------------------------------+


+----------------------------------------------------------------------------------------------------------------------------+
; Port Connectivity Checks: "VGA_Controller:controller|displayAreaVerificator:dav|hdisplayareaverificator:hdv|Comparador:c1" ;
+----------------+--------+----------+---------------------------------------------------------------------------------------+
; Port           ; Type   ; Severity ; Details                                                                               ;
+----------------+--------+----------+---------------------------------------------------------------------------------------+
; Contador[3..0] ; Input  ; Info     ; Stuck at VCC                                                                          ;
; Contador[9..8] ; Input  ; Info     ; Stuck at GND                                                                          ;
; Contador[6..4] ; Input  ; Info     ; Stuck at GND                                                                          ;
; Contador[7]    ; Input  ; Info     ; Stuck at VCC                                                                          ;
; S              ; Output ; Info     ; Connected to dangling logic. Logic that only feeds a dangling port will be removed.   ;
+----------------+--------+----------+---------------------------------------------------------------------------------------+


+--------------------------------------------------------------------------------------------------------------------------+
; Port Connectivity Checks: "VGA_Controller:controller|vsync_generator:vsg|Comparador:c2"                                  ;
+----------------+--------+----------+-------------------------------------------------------------------------------------+
; Port           ; Type   ; Severity ; Details                                                                             ;
+----------------+--------+----------+-------------------------------------------------------------------------------------+
; Contador[3..2] ; Input  ; Info     ; Stuck at VCC                                                                        ;
; Contador[8..4] ; Input  ; Info     ; Stuck at GND                                                                        ;
; Contador[9]    ; Input  ; Info     ; Stuck at VCC                                                                        ;
; Contador[1]    ; Input  ; Info     ; Stuck at GND                                                                        ;
; Contador[0]    ; Input  ; Info     ; Stuck at VCC                                                                        ;
; S              ; Output ; Info     ; Connected to dangling logic. Logic that only feeds a dangling port will be removed. ;
+----------------+--------+----------+-------------------------------------------------------------------------------------+


+--------------------------------------------------------------------------------------------------------------------------+
; Port Connectivity Checks: "VGA_Controller:controller|vsync_generator:vsg|Comparador:c1"                                  ;
+----------------+--------+----------+-------------------------------------------------------------------------------------+
; Port           ; Type   ; Severity ; Details                                                                             ;
+----------------+--------+----------+-------------------------------------------------------------------------------------+
; Contador[9..2] ; Input  ; Info     ; Stuck at GND                                                                        ;
; Contador[1]    ; Input  ; Info     ; Stuck at VCC                                                                        ;
; Contador[0]    ; Input  ; Info     ; Stuck at GND                                                                        ;
; S              ; Output ; Info     ; Connected to dangling logic. Logic that only feeds a dangling port will be removed. ;
+----------------+--------+----------+-------------------------------------------------------------------------------------+


+--------------------------------------------------------------------------------------------------------------------------+
; Port Connectivity Checks: "VGA_Controller:controller|hsync_generator:hsg|Comparador:c2"                                  ;
+----------------+--------+----------+-------------------------------------------------------------------------------------+
; Port           ; Type   ; Severity ; Details                                                                             ;
+----------------+--------+----------+-------------------------------------------------------------------------------------+
; Contador[9..8] ; Input  ; Info     ; Stuck at VCC                                                                        ;
; Contador[4..3] ; Input  ; Info     ; Stuck at VCC                                                                        ;
; Contador[7..5] ; Input  ; Info     ; Stuck at GND                                                                        ;
; Contador[2..1] ; Input  ; Info     ; Stuck at GND                                                                        ;
; Contador[0]    ; Input  ; Info     ; Stuck at VCC                                                                        ;
; S              ; Output ; Info     ; Connected to dangling logic. Logic that only feeds a dangling port will be removed. ;
+----------------+--------+----------+-------------------------------------------------------------------------------------+


+----------------------------------------------------------------------------------------------------------------+
; Port Connectivity Checks: "VGA_Controller:controller|hsync_generator:hsg|Comparador:c1|Restador:forloop[0].i2" ;
+------+-------+----------+--------------------------------------------------------------------------------------+
; Port ; Type  ; Severity ; Details                                                                              ;
+------+-------+----------+--------------------------------------------------------------------------------------+
; Cin  ; Input ; Info     ; Stuck at GND                                                                         ;
+------+-------+----------+--------------------------------------------------------------------------------------+


+--------------------------------------------------------------------------------------------------------------------------+
; Port Connectivity Checks: "VGA_Controller:controller|hsync_generator:hsg|Comparador:c1"                                  ;
+----------------+--------+----------+-------------------------------------------------------------------------------------+
; Port           ; Type   ; Severity ; Details                                                                             ;
+----------------+--------+----------+-------------------------------------------------------------------------------------+
; Contador[4..0] ; Input  ; Info     ; Stuck at VCC                                                                        ;
; Contador[9..7] ; Input  ; Info     ; Stuck at GND                                                                        ;
; Contador[6]    ; Input  ; Info     ; Stuck at VCC                                                                        ;
; Contador[5]    ; Input  ; Info     ; Stuck at GND                                                                        ;
; S              ; Output ; Info     ; Connected to dangling logic. Logic that only feeds a dangling port will be removed. ;
+----------------+--------+----------+-------------------------------------------------------------------------------------+


+---------------------------------------------------------------------------------------------------------------------+
; Port Connectivity Checks: "VGA_Controller:controller"                                                               ;
+-----------+--------+----------+-------------------------------------------------------------------------------------+
; Port      ; Type   ; Severity ; Details                                                                             ;
+-----------+--------+----------+-------------------------------------------------------------------------------------+
; R[6..5]   ; Input  ; Info     ; Stuck at VCC                                                                        ;
; R[4..3]   ; Input  ; Info     ; Stuck at GND                                                                        ;
; R[1..0]   ; Input  ; Info     ; Stuck at GND                                                                        ;
; R[7]      ; Input  ; Info     ; Stuck at GND                                                                        ;
; R[2]      ; Input  ; Info     ; Stuck at VCC                                                                        ;
; G[5..3]   ; Input  ; Info     ; Stuck at VCC                                                                        ;
; G[7..6]   ; Input  ; Info     ; Stuck at GND                                                                        ;
; G[2..0]   ; Input  ; Info     ; Stuck at GND                                                                        ;
; B[7..6]   ; Input  ; Info     ; Stuck at VCC                                                                        ;
; B[5..4]   ; Input  ; Info     ; Stuck at GND                                                                        ;
; B[2..0]   ; Input  ; Info     ; Stuck at GND                                                                        ;
; B[3]      ; Input  ; Info     ; Stuck at VCC                                                                        ;
; VGA_Clock ; Output ; Info     ; Connected to dangling logic. Logic that only feeds a dangling port will be removed. ;
+-----------+--------+----------+-------------------------------------------------------------------------------------+


+-----------------------------------------------------+
; Post-Synthesis Netlist Statistics for Top Partition ;
+-----------------------+-----------------------------+
; Type                  ; Count                       ;
+-----------------------+-----------------------------+
; arriav_ff             ; 48                          ;
;     CLR               ; 20                          ;
;     SCLR              ; 28                          ;
; arriav_lcell_comb     ; 70                          ;
;     arith             ; 46                          ;
;         1 data inputs ; 44                          ;
;         2 data inputs ; 2                           ;
;     normal            ; 24                          ;
;         0 data inputs ; 2                           ;
;         1 data inputs ; 2                           ;
;         2 data inputs ; 1                           ;
;         3 data inputs ; 1                           ;
;         4 data inputs ; 3                           ;
;         5 data inputs ; 5                           ;
;         6 data inputs ; 10                          ;
; boundary_port         ; 50                          ;
;                       ;                             ;
; Max LUT depth         ; 3.70                        ;
; Average LUT depth     ; 2.38                        ;
+-----------------------+-----------------------------+


+-------------------------------+
; Elapsed Time Per Partition    ;
+----------------+--------------+
; Partition Name ; Elapsed Time ;
+----------------+--------------+
; Top            ; 00:00:00     ;
+----------------+--------------+


+-------------------------------+
; Analysis & Synthesis Messages ;
+-------------------------------+
Info: *******************************************************************
Info: Running Quartus Prime Analysis & Synthesis
    Info: Version 18.0.0 Build 614 04/24/2018 SJ Lite Edition
    Info: Processing started: Sun Sep 01 00:38:09 2019
Info: Command: quartus_map --read_settings_files=on --write_settings_files=off VGAController -c VGAController
Warning (18236): Number of processors has not been specified which may cause overloading on shared machines.  Set the global assignment NUM_PARALLEL_PROCESSORS in your QSF to an appropriate value for best performance.
Info (20030): Parallel compilation is enabled and will use 4 of the 4 processors detected
Info (12021): Found 1 design units, including 1 entities, in source file vsync_generator.sv
    Info (12023): Found entity 1: vsync_generator File: C:/Users/Pablo/Documents/1-TEC/Arqui1/Proyecto1/VGAController/vsync_generator.sv Line: 1
Info (12021): Found 1 design units, including 1 entities, in source file vga_controller.sv
    Info (12023): Found entity 1: VGA_Controller File: C:/Users/Pablo/Documents/1-TEC/Arqui1/Proyecto1/VGAController/VGA_Controller.sv Line: 1
Info (12021): Found 1 design units, including 1 entities, in source file vdisplayareaverificator.sv
    Info (12023): Found entity 1: vdisplayareaverificator File: C:/Users/Pablo/Documents/1-TEC/Arqui1/Proyecto1/VGAController/vdisplayareaverificator.sv Line: 1
Info (12021): Found 1 design units, including 1 entities, in source file restador.sv
    Info (12023): Found entity 1: Restador File: C:/Users/Pablo/Documents/1-TEC/Arqui1/Proyecto1/VGAController/Restador.sv Line: 1
Info (12021): Found 1 design units, including 1 entities, in source file nbitcounter.sv
    Info (12023): Found entity 1: nBitCounter File: C:/Users/Pablo/Documents/1-TEC/Arqui1/Proyecto1/VGAController/nBitCounter.sv Line: 1
Info (12021): Found 1 design units, including 1 entities, in source file hsync_generator.sv
    Info (12023): Found entity 1: hsync_generator File: C:/Users/Pablo/Documents/1-TEC/Arqui1/Proyecto1/VGAController/hsync_generator.sv Line: 1
Info (12021): Found 1 design units, including 1 entities, in source file hdisplayareaverificator.sv
    Info (12023): Found entity 1: hdisplayareaverificator File: C:/Users/Pablo/Documents/1-TEC/Arqui1/Proyecto1/VGAController/hdisplayareaverificator.sv Line: 1
Info (12021): Found 1 design units, including 1 entities, in source file displayareaverificator.sv
    Info (12023): Found entity 1: displayAreaVerificator File: C:/Users/Pablo/Documents/1-TEC/Arqui1/Proyecto1/VGAController/displayAreaVerificator.sv Line: 1
Info (12021): Found 1 design units, including 1 entities, in source file comparador.sv
    Info (12023): Found entity 1: Comparador File: C:/Users/Pablo/Documents/1-TEC/Arqui1/Proyecto1/VGAController/Comparador.sv Line: 1
Info (12021): Found 1 design units, including 1 entities, in source file clockdivider.sv
    Info (12023): Found entity 1: clockDivider File: C:/Users/Pablo/Documents/1-TEC/Arqui1/Proyecto1/VGAController/clockDivider.sv Line: 1
Info (12021): Found 1 design units, including 1 entities, in source file main.sv
    Info (12023): Found entity 1: main File: C:/Users/Pablo/Documents/1-TEC/Arqui1/Proyecto1/VGAController/main.sv Line: 1
Info (12021): Found 1 design units, including 1 entities, in source file vga_controllertb.sv
    Info (12023): Found entity 1: VGA_ControllerTB File: C:/Users/Pablo/Documents/1-TEC/Arqui1/Proyecto1/VGAController/VGA_ControllerTB.sv Line: 1
Info (12127): Elaborating entity "main" for the top level hierarchy
Info (12128): Elaborating entity "VGA_Controller" for hierarchy "VGA_Controller:controller" File: C:/Users/Pablo/Documents/1-TEC/Arqui1/Proyecto1/VGAController/main.sv Line: 13
Info (12128): Elaborating entity "clockDivider" for hierarchy "VGA_Controller:controller|clockDivider:cd1" File: C:/Users/Pablo/Documents/1-TEC/Arqui1/Proyecto1/VGAController/VGA_Controller.sv Line: 16
Info (12128): Elaborating entity "hsync_generator" for hierarchy "VGA_Controller:controller|hsync_generator:hsg" File: C:/Users/Pablo/Documents/1-TEC/Arqui1/Proyecto1/VGAController/VGA_Controller.sv Line: 19
Info (12128): Elaborating entity "nBitCounter" for hierarchy "VGA_Controller:controller|hsync_generator:hsg|nBitCounter:nb1" File: C:/Users/Pablo/Documents/1-TEC/Arqui1/Proyecto1/VGAController/hsync_generator.sv Line: 9
Warning (10230): Verilog HDL assignment warning at nBitCounter.sv(14): truncated value with size 32 to match size of target (10) File: C:/Users/Pablo/Documents/1-TEC/Arqui1/Proyecto1/VGAController/nBitCounter.sv Line: 14
Info (12128): Elaborating entity "Comparador" for hierarchy "VGA_Controller:controller|hsync_generator:hsg|Comparador:c1" File: C:/Users/Pablo/Documents/1-TEC/Arqui1/Proyecto1/VGAController/hsync_generator.sv Line: 12
Info (12128): Elaborating entity "Restador" for hierarchy "VGA_Controller:controller|hsync_generator:hsg|Comparador:c1|Restador:forloop[0].i2" File: C:/Users/Pablo/Documents/1-TEC/Arqui1/Proyecto1/VGAController/Comparador.sv Line: 16
Info (12128): Elaborating entity "vsync_generator" for hierarchy "VGA_Controller:controller|vsync_generator:vsg" File: C:/Users/Pablo/Documents/1-TEC/Arqui1/Proyecto1/VGAController/VGA_Controller.sv Line: 23
Info (12128): Elaborating entity "displayAreaVerificator" for hierarchy "VGA_Controller:controller|displayAreaVerificator:dav" File: C:/Users/Pablo/Documents/1-TEC/Arqui1/Proyecto1/VGAController/VGA_Controller.sv Line: 27
Info (12128): Elaborating entity "hdisplayareaverificator" for hierarchy "VGA_Controller:controller|displayAreaVerificator:dav|hdisplayareaverificator:hdv" File: C:/Users/Pablo/Documents/1-TEC/Arqui1/Proyecto1/VGAController/displayAreaVerificator.sv Line: 8
Info (12128): Elaborating entity "vdisplayareaverificator" for hierarchy "VGA_Controller:controller|displayAreaVerificator:dav|vdisplayareaverificator:vdv" File: C:/Users/Pablo/Documents/1-TEC/Arqui1/Proyecto1/VGAController/displayAreaVerificator.sv Line: 10
Warning (13024): Output pins are stuck at VCC or GND
    Warning (13410): Pin "VGA_R[0]" is stuck at GND File: C:/Users/Pablo/Documents/1-TEC/Arqui1/Proyecto1/VGAController/main.sv Line: 3
    Warning (13410): Pin "VGA_R[1]" is stuck at GND File: C:/Users/Pablo/Documents/1-TEC/Arqui1/Proyecto1/VGAController/main.sv Line: 3
    Warning (13410): Pin "VGA_R[2]" is stuck at VCC File: C:/Users/Pablo/Documents/1-TEC/Arqui1/Proyecto1/VGAController/main.sv Line: 3
    Warning (13410): Pin "VGA_R[3]" is stuck at GND File: C:/Users/Pablo/Documents/1-TEC/Arqui1/Proyecto1/VGAController/main.sv Line: 3
    Warning (13410): Pin "VGA_R[4]" is stuck at GND File: C:/Users/Pablo/Documents/1-TEC/Arqui1/Proyecto1/VGAController/main.sv Line: 3
    Warning (13410): Pin "VGA_R[5]" is stuck at VCC File: C:/Users/Pablo/Documents/1-TEC/Arqui1/Proyecto1/VGAController/main.sv Line: 3
    Warning (13410): Pin "VGA_R[6]" is stuck at VCC File: C:/Users/Pablo/Documents/1-TEC/Arqui1/Proyecto1/VGAController/main.sv Line: 3
    Warning (13410): Pin "VGA_R[7]" is stuck at GND File: C:/Users/Pablo/Documents/1-TEC/Arqui1/Proyecto1/VGAController/main.sv Line: 3
    Warning (13410): Pin "VGA_G[0]" is stuck at GND File: C:/Users/Pablo/Documents/1-TEC/Arqui1/Proyecto1/VGAController/main.sv Line: 3
    Warning (13410): Pin "VGA_G[1]" is stuck at GND File: C:/Users/Pablo/Documents/1-TEC/Arqui1/Proyecto1/VGAController/main.sv Line: 3
    Warning (13410): Pin "VGA_G[2]" is stuck at GND File: C:/Users/Pablo/Documents/1-TEC/Arqui1/Proyecto1/VGAController/main.sv Line: 3
    Warning (13410): Pin "VGA_G[3]" is stuck at VCC File: C:/Users/Pablo/Documents/1-TEC/Arqui1/Proyecto1/VGAController/main.sv Line: 3
    Warning (13410): Pin "VGA_G[4]" is stuck at VCC File: C:/Users/Pablo/Documents/1-TEC/Arqui1/Proyecto1/VGAController/main.sv Line: 3
    Warning (13410): Pin "VGA_G[5]" is stuck at VCC File: C:/Users/Pablo/Documents/1-TEC/Arqui1/Proyecto1/VGAController/main.sv Line: 3
    Warning (13410): Pin "VGA_G[6]" is stuck at GND File: C:/Users/Pablo/Documents/1-TEC/Arqui1/Proyecto1/VGAController/main.sv Line: 3
    Warning (13410): Pin "VGA_G[7]" is stuck at GND File: C:/Users/Pablo/Documents/1-TEC/Arqui1/Proyecto1/VGAController/main.sv Line: 3
    Warning (13410): Pin "VGA_B[0]" is stuck at GND File: C:/Users/Pablo/Documents/1-TEC/Arqui1/Proyecto1/VGAController/main.sv Line: 3
    Warning (13410): Pin "VGA_B[1]" is stuck at GND File: C:/Users/Pablo/Documents/1-TEC/Arqui1/Proyecto1/VGAController/main.sv Line: 3
    Warning (13410): Pin "VGA_B[2]" is stuck at GND File: C:/Users/Pablo/Documents/1-TEC/Arqui1/Proyecto1/VGAController/main.sv Line: 3
    Warning (13410): Pin "VGA_B[3]" is stuck at VCC File: C:/Users/Pablo/Documents/1-TEC/Arqui1/Proyecto1/VGAController/main.sv Line: 3
    Warning (13410): Pin "VGA_B[4]" is stuck at GND File: C:/Users/Pablo/Documents/1-TEC/Arqui1/Proyecto1/VGAController/main.sv Line: 3
    Warning (13410): Pin "VGA_B[5]" is stuck at GND File: C:/Users/Pablo/Documents/1-TEC/Arqui1/Proyecto1/VGAController/main.sv Line: 3
    Warning (13410): Pin "VGA_B[6]" is stuck at VCC File: C:/Users/Pablo/Documents/1-TEC/Arqui1/Proyecto1/VGAController/main.sv Line: 3
    Warning (13410): Pin "VGA_B[7]" is stuck at VCC File: C:/Users/Pablo/Documents/1-TEC/Arqui1/Proyecto1/VGAController/main.sv Line: 3
Info (286030): Timing-Driven Synthesis is running
Info (16010): Generating hard_block partition "hard_block:auto_generated_inst"
    Info (16011): Adding 0 node(s), including 0 DDIO, 0 PLL, 0 transceiver and 0 LCELL
Warning (21074): Design contains 1 input pin(s) that do not drive logic
    Warning (15610): No output dependent on input pin "VGA_Clock" File: C:/Users/Pablo/Documents/1-TEC/Arqui1/Proyecto1/VGAController/main.sv Line: 2
Info (21057): Implemented 118 device resources after synthesis - the final resource count might be different
    Info (21058): Implemented 2 input pins
    Info (21059): Implemented 48 output pins
    Info (21061): Implemented 68 logic cells
Info: Quartus Prime Analysis & Synthesis was successful. 0 errors, 29 warnings
    Info: Peak virtual memory: 4865 megabytes
    Info: Processing ended: Sun Sep 01 00:38:19 2019
    Info: Elapsed time: 00:00:10
    Info: Total CPU time (on all processors): 00:00:22


