Analysis & Elaboration report for Controlador_VGA
Thu Sep 05 05:29:56 2019
Quartus Prime Version 18.0.0 Build 614 04/24/2018 SJ Lite Edition


---------------------
; Table of Contents ;
---------------------
  1. Legal Notice
  2. Analysis & Elaboration Summary
  3. Parallel Compilation
  4. Analysis & Elaboration IP Cores Summary
  5. Source assignments for system:dut|imageDrawer:drawer|SDRAMController:sdramController|altsyncram:altsyncram_component|altsyncram_83o1:auto_generated
  6. Parameter Settings for User Entity Instance: system:dut|imageDrawer:drawer|SDRAMController:sdramController|altsyncram:altsyncram_component
  7. Parameter Settings for User Entity Instance: system:dut|VGA_Controller:vga
  8. altsyncram Parameter Settings by Entity Instance
  9. Analysis & Elaboration Settings
 10. Port Connectivity Checks: "system:dut|imageDrawer:drawer|SDRAMController:sdramController"
 11. Port Connectivity Checks: "system:dut"
 12. Analysis & Elaboration Messages
 13. Analysis & Elaboration Suppressed Messages



----------------
; Legal Notice ;
----------------
Copyright (C) 2018  Intel Corporation. All rights reserved.
Your use of Intel Corporation's design tools, logic functions 
and other software and tools, and its AMPP partner logic 
functions, and any output files from any of the foregoing 
(including device programming or simulation files), and any 
associated documentation or information are expressly subject 
to the terms and conditions of the Intel Program License 
Subscription Agreement, the Intel Quartus Prime License Agreement,
the Intel FPGA IP License Agreement, or other applicable license
agreement, including, without limitation, that your use is for
the sole purpose of programming logic devices manufactured by
Intel and sold by Intel or its authorized distributors.  Please
refer to the applicable agreement for further details.



+-----------------------------------------------------------------------------+
; Analysis & Elaboration Summary                                              ;
+-------------------------------+---------------------------------------------+
; Analysis & Elaboration Status ; Successful - Thu Sep 05 05:29:56 2019       ;
; Quartus Prime Version         ; 18.0.0 Build 614 04/24/2018 SJ Lite Edition ;
; Revision Name                 ; Controlador_VGA                             ;
; Top-level Entity Name         ; tb_system                                   ;
; Family                        ; Cyclone V                                   ;
; Logic utilization (in ALMs)   ; N/A until Partition Merge                   ;
; Total registers               ; N/A until Partition Merge                   ;
; Total pins                    ; N/A until Partition Merge                   ;
; Total virtual pins            ; N/A until Partition Merge                   ;
; Total block memory bits       ; N/A until Partition Merge                   ;
; Total PLLs                    ; N/A until Partition Merge                   ;
; Total DLLs                    ; N/A until Partition Merge                   ;
+-------------------------------+---------------------------------------------+


+------------------------------------------+
; Parallel Compilation                     ;
+----------------------------+-------------+
; Processors                 ; Number      ;
+----------------------------+-------------+
; Number detected on machine ; 8           ;
; Maximum allowed            ; 4           ;
;                            ;             ;
; Average used               ; 1.00        ;
; Maximum used               ; 1           ;
;                            ;             ;
; Usage by Processor         ; % Time Used ;
;     Processor 1            ; 100.0%      ;
+----------------------------+-------------+


+--------------------------------------------------------------------------------------------------------------------------------------------------------------+
; Analysis & Elaboration IP Cores Summary                                                                                                                      ;
+--------+--------------+---------+--------------+--------------+--------------------------------------------------------------------------+-------------------+
; Vendor ; IP Core Name ; Version ; Release Date ; License Type ; Entity Instance                                                          ; IP Include File   ;
+--------+--------------+---------+--------------+--------------+--------------------------------------------------------------------------+-------------------+
; Altera ; RAM: 1-PORT  ; 18.0    ; N/A          ; N/A          ; |tb_system|system:dut|imageDrawer:drawer|SDRAMController:sdramController ; SDRAMController.v ;
+--------+--------------+---------+--------------+--------------+--------------------------------------------------------------------------+-------------------+


+-----------------------------------------------------------------------------------------------------------------------------------------------------+
; Source assignments for system:dut|imageDrawer:drawer|SDRAMController:sdramController|altsyncram:altsyncram_component|altsyncram_83o1:auto_generated ;
+---------------------------------+--------------------+------+---------------------------------------------------------------------------------------+
; Assignment                      ; Value              ; From ; To                                                                                    ;
+---------------------------------+--------------------+------+---------------------------------------------------------------------------------------+
; OPTIMIZE_POWER_DURING_SYNTHESIS ; NORMAL_COMPILATION ; -    ; -                                                                                     ;
+---------------------------------+--------------------+------+---------------------------------------------------------------------------------------+


+--------------------------------------------------------------------------------------------------------------------------------------------+
; Parameter Settings for User Entity Instance: system:dut|imageDrawer:drawer|SDRAMController:sdramController|altsyncram:altsyncram_component ;
+------------------------------------+----------------------+--------------------------------------------------------------------------------+
; Parameter Name                     ; Value                ; Type                                                                           ;
+------------------------------------+----------------------+--------------------------------------------------------------------------------+
; BYTE_SIZE_BLOCK                    ; 8                    ; Untyped                                                                        ;
; AUTO_CARRY_CHAINS                  ; ON                   ; AUTO_CARRY                                                                     ;
; IGNORE_CARRY_BUFFERS               ; OFF                  ; IGNORE_CARRY                                                                   ;
; AUTO_CASCADE_CHAINS                ; ON                   ; AUTO_CASCADE                                                                   ;
; IGNORE_CASCADE_BUFFERS             ; OFF                  ; IGNORE_CASCADE                                                                 ;
; WIDTH_BYTEENA                      ; 1                    ; Untyped                                                                        ;
; OPERATION_MODE                     ; SINGLE_PORT          ; Untyped                                                                        ;
; WIDTH_A                            ; 8                    ; Signed Integer                                                                 ;
; WIDTHAD_A                          ; 16                   ; Signed Integer                                                                 ;
; NUMWORDS_A                         ; 65536                ; Signed Integer                                                                 ;
; OUTDATA_REG_A                      ; CLOCK0               ; Untyped                                                                        ;
; ADDRESS_ACLR_A                     ; NONE                 ; Untyped                                                                        ;
; OUTDATA_ACLR_A                     ; NONE                 ; Untyped                                                                        ;
; WRCONTROL_ACLR_A                   ; NONE                 ; Untyped                                                                        ;
; INDATA_ACLR_A                      ; NONE                 ; Untyped                                                                        ;
; BYTEENA_ACLR_A                     ; NONE                 ; Untyped                                                                        ;
; WIDTH_B                            ; 1                    ; Untyped                                                                        ;
; WIDTHAD_B                          ; 1                    ; Untyped                                                                        ;
; NUMWORDS_B                         ; 1                    ; Untyped                                                                        ;
; INDATA_REG_B                       ; CLOCK1               ; Untyped                                                                        ;
; WRCONTROL_WRADDRESS_REG_B          ; CLOCK1               ; Untyped                                                                        ;
; RDCONTROL_REG_B                    ; CLOCK1               ; Untyped                                                                        ;
; ADDRESS_REG_B                      ; CLOCK1               ; Untyped                                                                        ;
; OUTDATA_REG_B                      ; UNREGISTERED         ; Untyped                                                                        ;
; BYTEENA_REG_B                      ; CLOCK1               ; Untyped                                                                        ;
; INDATA_ACLR_B                      ; NONE                 ; Untyped                                                                        ;
; WRCONTROL_ACLR_B                   ; NONE                 ; Untyped                                                                        ;
; ADDRESS_ACLR_B                     ; NONE                 ; Untyped                                                                        ;
; OUTDATA_ACLR_B                     ; NONE                 ; Untyped                                                                        ;
; RDCONTROL_ACLR_B                   ; NONE                 ; Untyped                                                                        ;
; BYTEENA_ACLR_B                     ; NONE                 ; Untyped                                                                        ;
; WIDTH_BYTEENA_A                    ; 1                    ; Signed Integer                                                                 ;
; WIDTH_BYTEENA_B                    ; 1                    ; Untyped                                                                        ;
; RAM_BLOCK_TYPE                     ; AUTO                 ; Untyped                                                                        ;
; BYTE_SIZE                          ; 8                    ; Untyped                                                                        ;
; READ_DURING_WRITE_MODE_MIXED_PORTS ; DONT_CARE            ; Untyped                                                                        ;
; READ_DURING_WRITE_MODE_PORT_A      ; NEW_DATA_NO_NBE_READ ; Untyped                                                                        ;
; READ_DURING_WRITE_MODE_PORT_B      ; NEW_DATA_NO_NBE_READ ; Untyped                                                                        ;
; INIT_FILE                          ; .//pandita.mif       ; Untyped                                                                        ;
; INIT_FILE_LAYOUT                   ; PORT_A               ; Untyped                                                                        ;
; MAXIMUM_DEPTH                      ; 0                    ; Untyped                                                                        ;
; CLOCK_ENABLE_INPUT_A               ; BYPASS               ; Untyped                                                                        ;
; CLOCK_ENABLE_INPUT_B               ; NORMAL               ; Untyped                                                                        ;
; CLOCK_ENABLE_OUTPUT_A              ; BYPASS               ; Untyped                                                                        ;
; CLOCK_ENABLE_OUTPUT_B              ; NORMAL               ; Untyped                                                                        ;
; CLOCK_ENABLE_CORE_A                ; USE_INPUT_CLKEN      ; Untyped                                                                        ;
; CLOCK_ENABLE_CORE_B                ; USE_INPUT_CLKEN      ; Untyped                                                                        ;
; ENABLE_ECC                         ; FALSE                ; Untyped                                                                        ;
; ECC_PIPELINE_STAGE_ENABLED         ; FALSE                ; Untyped                                                                        ;
; WIDTH_ECCSTATUS                    ; 3                    ; Untyped                                                                        ;
; DEVICE_FAMILY                      ; Cyclone V            ; Untyped                                                                        ;
; CBXI_PARAMETER                     ; altsyncram_83o1      ; Untyped                                                                        ;
+------------------------------------+----------------------+--------------------------------------------------------------------------------+
Note: In order to hide this table in the UI and the text report file, please set the "Show Parameter Settings in Synthesis Report" option in "Analysis and Synthesis Settings -> More Settings" to "Off".


+----------------------------------------------------------------------------+
; Parameter Settings for User Entity Instance: system:dut|VGA_Controller:vga ;
+----------------+------------+----------------------------------------------+
; Parameter Name ; Value      ; Type                                         ;
+----------------+------------+----------------------------------------------+
; H_SYNC_CYC     ; 0000101101 ; Unsigned Binary                              ;
; H_SYNC_BACK    ; 0001011111 ; Unsigned Binary                              ;
; H_SYNC_ACT     ; 1010000000 ; Unsigned Binary                              ;
; H_SYNC_FRONT   ; 0000010100 ; Unsigned Binary                              ;
; H_SYNC_TOTAL   ; 1100100000 ; Unsigned Binary                              ;
; V_SYNC_CYC     ; 0000100000 ; Unsigned Binary                              ;
; V_SYNC_BACK    ; 0000000010 ; Unsigned Binary                              ;
; V_SYNC_ACT     ; 0111100000 ; Unsigned Binary                              ;
; V_SYNC_FRONT   ; 0000001110 ; Unsigned Binary                              ;
; V_SYNC_TOTAL   ; 1000010000 ; Unsigned Binary                              ;
; X_START        ; 0010001100 ; Unsigned Binary                              ;
; Y_START        ; 0000100010 ; Unsigned Binary                              ;
+----------------+------------+----------------------------------------------+
Note: In order to hide this table in the UI and the text report file, please set the "Show Parameter Settings in Synthesis Report" option in "Analysis and Synthesis Settings -> More Settings" to "Off".


+-------------------------------------------------------------------------------------------------------------------------------------------+
; altsyncram Parameter Settings by Entity Instance                                                                                          ;
+-------------------------------------------+-----------------------------------------------------------------------------------------------+
; Name                                      ; Value                                                                                         ;
+-------------------------------------------+-----------------------------------------------------------------------------------------------+
; Number of entity instances                ; 1                                                                                             ;
; Entity Instance                           ; system:dut|imageDrawer:drawer|SDRAMController:sdramController|altsyncram:altsyncram_component ;
;     -- OPERATION_MODE                     ; SINGLE_PORT                                                                                   ;
;     -- WIDTH_A                            ; 8                                                                                             ;
;     -- NUMWORDS_A                         ; 65536                                                                                         ;
;     -- OUTDATA_REG_A                      ; CLOCK0                                                                                        ;
;     -- WIDTH_B                            ; 1                                                                                             ;
;     -- NUMWORDS_B                         ; 1                                                                                             ;
;     -- ADDRESS_REG_B                      ; CLOCK1                                                                                        ;
;     -- OUTDATA_REG_B                      ; UNREGISTERED                                                                                  ;
;     -- RAM_BLOCK_TYPE                     ; AUTO                                                                                          ;
;     -- READ_DURING_WRITE_MODE_MIXED_PORTS ; DONT_CARE                                                                                     ;
+-------------------------------------------+-----------------------------------------------------------------------------------------------+


+---------------------------------------------------------------------------------------------------------------------------+
; Analysis & Elaboration Settings                                                                                           ;
+---------------------------------------------------------------------------------+--------------------+--------------------+
; Option                                                                          ; Setting            ; Default Value      ;
+---------------------------------------------------------------------------------+--------------------+--------------------+
; Device                                                                          ; 5CSEMA5F31C6       ;                    ;
; Top-level entity name                                                           ; tb_system          ; Controlador_VGA    ;
; Family name                                                                     ; Cyclone V          ; Cyclone V          ;
; Use smart compilation                                                           ; Off                ; Off                ;
; Enable parallel Assembler and Timing Analyzer during compilation                ; On                 ; On                 ;
; Enable compact report table                                                     ; Off                ; Off                ;
; Restructure Multiplexers                                                        ; Auto               ; Auto               ;
; MLAB Add Timing Constraints For Mixed-Port Feed-Through Mode Setting Don't Care ; Off                ; Off                ;
; Create Debugging Nodes for IP Cores                                             ; Off                ; Off                ;
; Preserve fewer node names                                                       ; On                 ; On                 ;
; Intel FPGA IP Evaluation Mode                                                   ; Enable             ; Enable             ;
; Verilog Version                                                                 ; Verilog_2001       ; Verilog_2001       ;
; VHDL Version                                                                    ; VHDL_1993          ; VHDL_1993          ;
; State Machine Processing                                                        ; Auto               ; Auto               ;
; Safe State Machine                                                              ; Off                ; Off                ;
; Extract Verilog State Machines                                                  ; On                 ; On                 ;
; Extract VHDL State Machines                                                     ; On                 ; On                 ;
; Ignore Verilog initial constructs                                               ; Off                ; Off                ;
; Iteration limit for constant Verilog loops                                      ; 5000               ; 5000               ;
; Iteration limit for non-constant Verilog loops                                  ; 250                ; 250                ;
; Add Pass-Through Logic to Inferred RAMs                                         ; On                 ; On                 ;
; Infer RAMs from Raw Logic                                                       ; On                 ; On                 ;
; Parallel Synthesis                                                              ; On                 ; On                 ;
; DSP Block Balancing                                                             ; Auto               ; Auto               ;
; NOT Gate Push-Back                                                              ; On                 ; On                 ;
; Power-Up Don't Care                                                             ; On                 ; On                 ;
; Remove Redundant Logic Cells                                                    ; Off                ; Off                ;
; Remove Duplicate Registers                                                      ; On                 ; On                 ;
; Ignore CARRY Buffers                                                            ; Off                ; Off                ;
; Ignore CASCADE Buffers                                                          ; Off                ; Off                ;
; Ignore GLOBAL Buffers                                                           ; Off                ; Off                ;
; Ignore ROW GLOBAL Buffers                                                       ; Off                ; Off                ;
; Ignore LCELL Buffers                                                            ; Off                ; Off                ;
; Ignore SOFT Buffers                                                             ; On                 ; On                 ;
; Limit AHDL Integers to 32 Bits                                                  ; Off                ; Off                ;
; Optimization Technique                                                          ; Balanced           ; Balanced           ;
; Carry Chain Length                                                              ; 70                 ; 70                 ;
; Auto Carry Chains                                                               ; On                 ; On                 ;
; Auto Open-Drain Pins                                                            ; On                 ; On                 ;
; Perform WYSIWYG Primitive Resynthesis                                           ; Off                ; Off                ;
; Auto ROM Replacement                                                            ; On                 ; On                 ;
; Auto RAM Replacement                                                            ; On                 ; On                 ;
; Auto DSP Block Replacement                                                      ; On                 ; On                 ;
; Auto Shift Register Replacement                                                 ; Auto               ; Auto               ;
; Allow Shift Register Merging across Hierarchies                                 ; Auto               ; Auto               ;
; Auto Clock Enable Replacement                                                   ; On                 ; On                 ;
; Strict RAM Replacement                                                          ; Off                ; Off                ;
; Allow Synchronous Control Signals                                               ; On                 ; On                 ;
; Force Use of Synchronous Clear Signals                                          ; Off                ; Off                ;
; Auto Resource Sharing                                                           ; Off                ; Off                ;
; Allow Any RAM Size For Recognition                                              ; Off                ; Off                ;
; Allow Any ROM Size For Recognition                                              ; Off                ; Off                ;
; Allow Any Shift Register Size For Recognition                                   ; Off                ; Off                ;
; Use LogicLock Constraints during Resource Balancing                             ; On                 ; On                 ;
; Ignore translate_off and synthesis_off directives                               ; Off                ; Off                ;
; Timing-Driven Synthesis                                                         ; On                 ; On                 ;
; Report Parameter Settings                                                       ; On                 ; On                 ;
; Report Source Assignments                                                       ; On                 ; On                 ;
; Report Connectivity Checks                                                      ; On                 ; On                 ;
; Ignore Maximum Fan-Out Assignments                                              ; Off                ; Off                ;
; Synchronization Register Chain Length                                           ; 3                  ; 3                  ;
; Power Optimization During Synthesis                                             ; Normal compilation ; Normal compilation ;
; HDL message level                                                               ; Level2             ; Level2             ;
; Suppress Register Optimization Related Messages                                 ; Off                ; Off                ;
; Number of Removed Registers Reported in Synthesis Report                        ; 5000               ; 5000               ;
; Number of Swept Nodes Reported in Synthesis Report                              ; 5000               ; 5000               ;
; Number of Inverted Registers Reported in Synthesis Report                       ; 100                ; 100                ;
; Clock MUX Protection                                                            ; On                 ; On                 ;
; Auto Gated Clock Conversion                                                     ; Off                ; Off                ;
; Block Design Naming                                                             ; Auto               ; Auto               ;
; SDC constraint protection                                                       ; Off                ; Off                ;
; Synthesis Effort                                                                ; Auto               ; Auto               ;
; Shift Register Replacement - Allow Asynchronous Clear Signal                    ; On                 ; On                 ;
; Pre-Mapping Resynthesis Optimization                                            ; Off                ; Off                ;
; Analysis & Synthesis Message Level                                              ; Medium             ; Medium             ;
; Disable Register Merging Across Hierarchies                                     ; Auto               ; Auto               ;
; Resource Aware Inference For Block RAM                                          ; On                 ; On                 ;
; Automatic Parallel Synthesis                                                    ; On                 ; On                 ;
; Partial Reconfiguration Bitstream ID                                            ; Off                ; Off                ;
+---------------------------------------------------------------------------------+--------------------+--------------------+


+-------------------------------------------------------------------------------------------+
; Port Connectivity Checks: "system:dut|imageDrawer:drawer|SDRAMController:sdramController" ;
+------+-------+----------+-----------------------------------------------------------------+
; Port ; Type  ; Severity ; Details                                                         ;
+------+-------+----------+-----------------------------------------------------------------+
; data ; Input ; Info     ; Stuck at GND                                                    ;
; wren ; Input ; Info     ; Stuck at GND                                                    ;
+------+-------+----------+-----------------------------------------------------------------+


+-------------------------------------------------------------------------------------------------------------------+
; Port Connectivity Checks: "system:dut"                                                                            ;
+---------+--------+----------+-------------------------------------------------------------------------------------+
; Port    ; Type   ; Severity ; Details                                                                             ;
+---------+--------+----------+-------------------------------------------------------------------------------------+
; vsync   ; Output ; Info     ; Connected to dangling logic. Logic that only feeds a dangling port will be removed. ;
; hsync   ; Output ; Info     ; Connected to dangling logic. Logic that only feeds a dangling port will be removed. ;
; blank   ; Output ; Info     ; Connected to dangling logic. Logic that only feeds a dangling port will be removed. ;
; sync    ; Output ; Info     ; Connected to dangling logic. Logic that only feeds a dangling port will be removed. ;
; r       ; Output ; Info     ; Connected to dangling logic. Logic that only feeds a dangling port will be removed. ;
; g       ; Output ; Info     ; Connected to dangling logic. Logic that only feeds a dangling port will be removed. ;
; b       ; Output ; Info     ; Connected to dangling logic. Logic that only feeds a dangling port will be removed. ;
; vga_clk ; Output ; Info     ; Connected to dangling logic. Logic that only feeds a dangling port will be removed. ;
+---------+--------+----------+-------------------------------------------------------------------------------------+


+---------------------------------+
; Analysis & Elaboration Messages ;
+---------------------------------+
Info: *******************************************************************
Info: Running Quartus Prime Analysis & Elaboration
    Info: Version 18.0.0 Build 614 04/24/2018 SJ Lite Edition
    Info: Processing started: Thu Sep 05 05:29:46 2019
Info: Command: quartus_map --read_settings_files=on --write_settings_files=off Controlador_VGA -c Controlador_VGA --analysis_and_elaboration
Warning (18236): Number of processors has not been specified which may cause overloading on shared machines.  Set the global assignment NUM_PARALLEL_PROCESSORS in your QSF to an appropriate value for best performance.
Info (20030): Parallel compilation is enabled and will use 4 of the 4 processors detected
Info (12021): Found 1 design units, including 1 entities, in source file sdramcontroller2.v
    Info (12023): Found entity 1: SDRAMController2 File: C:/Users/Pablo/Documents/1-TEC/Arqui1/Proyecto1/Controlador_VGA/SDRAMController2.v Line: 39
Info (12021): Found 1 design units, including 1 entities, in source file vga_controller.sv
    Info (12023): Found entity 1: VGA_Controller File: C:/Users/Pablo/Documents/1-TEC/Arqui1/Proyecto1/Controlador_VGA/VGA_Controller.sv Line: 1
Info (12021): Found 1 design units, including 1 entities, in source file tb_system.sv
    Info (12023): Found entity 1: tb_system File: C:/Users/Pablo/Documents/1-TEC/Arqui1/Proyecto1/Controlador_VGA/tb_system.sv Line: 2
Info (12021): Found 1 design units, including 1 entities, in source file system.sv
    Info (12023): Found entity 1: system File: C:/Users/Pablo/Documents/1-TEC/Arqui1/Proyecto1/Controlador_VGA/system.sv Line: 2
Info (12021): Found 1 design units, including 1 entities, in source file counter.sv
    Info (12023): Found entity 1: counter File: C:/Users/Pablo/Documents/1-TEC/Arqui1/Proyecto1/Controlador_VGA/counter.sv Line: 1
Info (12021): Found 1 design units, including 1 entities, in source file sdramcontroller.v
    Info (12023): Found entity 1: SDRAMController File: C:/Users/Pablo/Documents/1-TEC/Arqui1/Proyecto1/Controlador_VGA/SDRAMController.v Line: 39
Info (12021): Found 1 design units, including 1 entities, in source file imagedrawer.sv
    Info (12023): Found entity 1: imageDrawer File: C:/Users/Pablo/Documents/1-TEC/Arqui1/Proyecto1/Controlador_VGA/imageDrawer.sv Line: 1
Info (12021): Found 1 design units, including 1 entities, in source file sdram_tb.sv
    Info (12023): Found entity 1: SDRAM_tb File: C:/Users/Pablo/Documents/1-TEC/Arqui1/Proyecto1/Controlador_VGA/SDRAM_tb.sv Line: 2
Info (12021): Found 1 design units, including 1 entities, in source file imem.sv
    Info (12023): Found entity 1: imem File: C:/Users/Pablo/Documents/1-TEC/Arqui1/Proyecto1/Controlador_VGA/imem.sv Line: 1
Info (12021): Found 1 design units, including 1 entities, in source file draw.sv
    Info (12023): Found entity 1: draw File: C:/Users/Pablo/Documents/1-TEC/Arqui1/Proyecto1/Controlador_VGA/draw.sv Line: 1
Info (12127): Elaborating entity "tb_system" for the top level hierarchy
Warning (10755): Verilog HDL warning at tb_system.sv(23): assignments to clk create a combinational loop File: C:/Users/Pablo/Documents/1-TEC/Arqui1/Proyecto1/Controlador_VGA/tb_system.sv Line: 23
Warning (10175): Verilog HDL warning at tb_system.sv(26): ignoring unsupported system task File: C:/Users/Pablo/Documents/1-TEC/Arqui1/Proyecto1/Controlador_VGA/tb_system.sv Line: 26
Info (12128): Elaborating entity "system" for hierarchy "system:dut" File: C:/Users/Pablo/Documents/1-TEC/Arqui1/Proyecto1/Controlador_VGA/tb_system.sv Line: 15
Info (12128): Elaborating entity "draw" for hierarchy "system:dut|draw:Draw" File: C:/Users/Pablo/Documents/1-TEC/Arqui1/Proyecto1/Controlador_VGA/system.sv Line: 29
Info (12128): Elaborating entity "imageDrawer" for hierarchy "system:dut|imageDrawer:drawer" File: C:/Users/Pablo/Documents/1-TEC/Arqui1/Proyecto1/Controlador_VGA/system.sv Line: 32
Warning (10230): Verilog HDL assignment warning at imageDrawer.sv(10): truncated value with size 32 to match size of target (10) File: C:/Users/Pablo/Documents/1-TEC/Arqui1/Proyecto1/Controlador_VGA/imageDrawer.sv Line: 10
Warning (10230): Verilog HDL assignment warning at imageDrawer.sv(11): truncated value with size 32 to match size of target (10) File: C:/Users/Pablo/Documents/1-TEC/Arqui1/Proyecto1/Controlador_VGA/imageDrawer.sv Line: 11
Info (12128): Elaborating entity "SDRAMController" for hierarchy "system:dut|imageDrawer:drawer|SDRAMController:sdramController" File: C:/Users/Pablo/Documents/1-TEC/Arqui1/Proyecto1/Controlador_VGA/imageDrawer.sv Line: 15
Info (12128): Elaborating entity "altsyncram" for hierarchy "system:dut|imageDrawer:drawer|SDRAMController:sdramController|altsyncram:altsyncram_component" File: C:/Users/Pablo/Documents/1-TEC/Arqui1/Proyecto1/Controlador_VGA/SDRAMController.v Line: 85
Info (12130): Elaborated megafunction instantiation "system:dut|imageDrawer:drawer|SDRAMController:sdramController|altsyncram:altsyncram_component" File: C:/Users/Pablo/Documents/1-TEC/Arqui1/Proyecto1/Controlador_VGA/SDRAMController.v Line: 85
Info (12133): Instantiated megafunction "system:dut|imageDrawer:drawer|SDRAMController:sdramController|altsyncram:altsyncram_component" with the following parameter: File: C:/Users/Pablo/Documents/1-TEC/Arqui1/Proyecto1/Controlador_VGA/SDRAMController.v Line: 85
    Info (12134): Parameter "clock_enable_input_a" = "BYPASS"
    Info (12134): Parameter "clock_enable_output_a" = "BYPASS"
    Info (12134): Parameter "init_file" = ".//pandita.mif"
    Info (12134): Parameter "intended_device_family" = "Cyclone V"
    Info (12134): Parameter "lpm_hint" = "ENABLE_RUNTIME_MOD=NO"
    Info (12134): Parameter "lpm_type" = "altsyncram"
    Info (12134): Parameter "numwords_a" = "65536"
    Info (12134): Parameter "operation_mode" = "SINGLE_PORT"
    Info (12134): Parameter "outdata_aclr_a" = "NONE"
    Info (12134): Parameter "outdata_reg_a" = "CLOCK0"
    Info (12134): Parameter "power_up_uninitialized" = "FALSE"
    Info (12134): Parameter "read_during_write_mode_port_a" = "NEW_DATA_NO_NBE_READ"
    Info (12134): Parameter "widthad_a" = "16"
    Info (12134): Parameter "width_a" = "8"
    Info (12134): Parameter "width_byteena_a" = "1"
Info (12021): Found 1 design units, including 1 entities, in source file db/altsyncram_83o1.tdf
    Info (12023): Found entity 1: altsyncram_83o1 File: C:/Users/Pablo/Documents/1-TEC/Arqui1/Proyecto1/Controlador_VGA/db/altsyncram_83o1.tdf Line: 33
Info (12128): Elaborating entity "altsyncram_83o1" for hierarchy "system:dut|imageDrawer:drawer|SDRAMController:sdramController|altsyncram:altsyncram_component|altsyncram_83o1:auto_generated" File: c:/intelfpga_lite/18.0/quartus/libraries/megafunctions/altsyncram.tdf Line: 791
Info (12021): Found 1 design units, including 1 entities, in source file db/decode_dla.tdf
    Info (12023): Found entity 1: decode_dla File: C:/Users/Pablo/Documents/1-TEC/Arqui1/Proyecto1/Controlador_VGA/db/decode_dla.tdf Line: 22
Info (12128): Elaborating entity "decode_dla" for hierarchy "system:dut|imageDrawer:drawer|SDRAMController:sdramController|altsyncram:altsyncram_component|altsyncram_83o1:auto_generated|decode_dla:decode3" File: C:/Users/Pablo/Documents/1-TEC/Arqui1/Proyecto1/Controlador_VGA/db/altsyncram_83o1.tdf Line: 44
Info (12021): Found 1 design units, including 1 entities, in source file db/decode_61a.tdf
    Info (12023): Found entity 1: decode_61a File: C:/Users/Pablo/Documents/1-TEC/Arqui1/Proyecto1/Controlador_VGA/db/decode_61a.tdf Line: 22
Info (12128): Elaborating entity "decode_61a" for hierarchy "system:dut|imageDrawer:drawer|SDRAMController:sdramController|altsyncram:altsyncram_component|altsyncram_83o1:auto_generated|decode_61a:rden_decode" File: C:/Users/Pablo/Documents/1-TEC/Arqui1/Proyecto1/Controlador_VGA/db/altsyncram_83o1.tdf Line: 45
Info (12021): Found 1 design units, including 1 entities, in source file db/mux_tfb.tdf
    Info (12023): Found entity 1: mux_tfb File: C:/Users/Pablo/Documents/1-TEC/Arqui1/Proyecto1/Controlador_VGA/db/mux_tfb.tdf Line: 22
Info (12128): Elaborating entity "mux_tfb" for hierarchy "system:dut|imageDrawer:drawer|SDRAMController:sdramController|altsyncram:altsyncram_component|altsyncram_83o1:auto_generated|mux_tfb:mux2" File: C:/Users/Pablo/Documents/1-TEC/Arqui1/Proyecto1/Controlador_VGA/db/altsyncram_83o1.tdf Line: 46
Info (12128): Elaborating entity "VGA_Controller" for hierarchy "system:dut|VGA_Controller:vga" File: C:/Users/Pablo/Documents/1-TEC/Arqui1/Proyecto1/Controlador_VGA/system.sv Line: 36
Warning (10230): Verilog HDL assignment warning at VGA_Controller.sv(70): truncated value with size 32 to match size of target (1) File: C:/Users/Pablo/Documents/1-TEC/Arqui1/Proyecto1/Controlador_VGA/VGA_Controller.sv Line: 70
Warning (10230): Verilog HDL assignment warning at VGA_Controller.sv(71): truncated value with size 32 to match size of target (1) File: C:/Users/Pablo/Documents/1-TEC/Arqui1/Proyecto1/Controlador_VGA/VGA_Controller.sv Line: 71
Warning (12011): Net is missing source, defaulting to GND
    Warning (12110): Net "clk" is missing source, defaulting to GND File: C:/Users/Pablo/Documents/1-TEC/Arqui1/Proyecto1/Controlador_VGA/tb_system.sv Line: 4
Info (144001): Generated suppressed messages file C:/Users/Pablo/Documents/1-TEC/Arqui1/Proyecto1/Controlador_VGA/output_files/Controlador_VGA.map.smsg
Info: Quartus Prime Analysis & Elaboration was successful. 0 errors, 9 warnings
    Info: Peak virtual memory: 4810 megabytes
    Info: Processing ended: Thu Sep 05 05:29:56 2019
    Info: Elapsed time: 00:00:10
    Info: Total CPU time (on all processors): 00:00:22


+--------------------------------------------+
; Analysis & Elaboration Suppressed Messages ;
+--------------------------------------------+
The suppressed messages can be found in C:/Users/Pablo/Documents/1-TEC/Arqui1/Proyecto1/Controlador_VGA/output_files/Controlador_VGA.map.smsg.


