Flow report for Controlador_VGA
Wed Sep 11 00:54:10 2019
Quartus Prime Version 18.0.0 Build 614 04/24/2018 SJ Lite Edition


---------------------
; Table of Contents ;
---------------------
  1. Legal Notice
  2. Flow Summary
  3. Flow Settings
  4. Flow Non-Default Global Settings
  5. Flow Elapsed Time
  6. Flow OS Summary
  7. Flow Log
  8. Flow Messages
  9. Flow Suppressed Messages



----------------
; Legal Notice ;
----------------
Copyright (C) 2018  Intel Corporation. All rights reserved.
Your use of Intel Corporation's design tools, logic functions 
and other software and tools, and its AMPP partner logic 
functions, and any output files from any of the foregoing 
(including device programming or simulation files), and any 
associated documentation or information are expressly subject 
to the terms and conditions of the Intel Program License 
Subscription Agreement, the Intel Quartus Prime License Agreement,
the Intel FPGA IP License Agreement, or other applicable license
agreement, including, without limitation, that your use is for
the sole purpose of programming logic devices manufactured by
Intel and sold by Intel or its authorized distributors.  Please
refer to the applicable agreement for further details.



+-------------------------------------------------------------------------------+
; Flow Summary                                                                  ;
+---------------------------------+---------------------------------------------+
; Flow Status                     ; Successful - Wed Sep 11 00:54:10 2019       ;
; Quartus Prime Version           ; 18.0.0 Build 614 04/24/2018 SJ Lite Edition ;
; Revision Name                   ; Controlador_VGA                             ;
; Top-level Entity Name           ; system                                      ;
; Family                          ; Cyclone V                                   ;
; Device                          ; 5CSEMA5F31C6                                ;
; Timing Models                   ; Final                                       ;
; Logic utilization (in ALMs)     ; 154 / 32,070 ( < 1 % )                      ;
; Total registers                 ; 65                                          ;
; Total pins                      ; 31 / 457 ( 7 % )                            ;
; Total virtual pins              ; 0                                           ;
; Total block memory bits         ; 2,097,152 / 4,065,280 ( 52 % )              ;
; Total DSP Blocks                ; 0 / 87 ( 0 % )                              ;
; Total HSSI RX PCSs              ; 0                                           ;
; Total HSSI PMA RX Deserializers ; 0                                           ;
; Total HSSI TX PCSs              ; 0                                           ;
; Total HSSI PMA TX Serializers   ; 0                                           ;
; Total PLLs                      ; 0 / 6 ( 0 % )                               ;
; Total DLLs                      ; 0 / 4 ( 0 % )                               ;
+---------------------------------+---------------------------------------------+


+-----------------------------------------+
; Flow Settings                           ;
+-------------------+---------------------+
; Option            ; Setting             ;
+-------------------+---------------------+
; Start date & time ; 09/11/2019 00:52:03 ;
; Main task         ; Compilation         ;
; Revision Name     ; Controlador_VGA     ;
+-------------------+---------------------+


+--------------------------------------------------------------------------------------------------------------------------------+
; Flow Non-Default Global Settings                                                                                               ;
+--------------------------------------+----------------------------------------+-----------------+-------------+----------------+
; Assignment Name                      ; Value                                  ; Default Value   ; Entity Name ; Section Id     ;
+--------------------------------------+----------------------------------------+-----------------+-------------+----------------+
; COMPILER_SIGNATURE_ID                ; 48710639068166.156818472305644         ; --              ; --          ; --             ;
; EDA_DESIGN_INSTANCE_NAME             ; NA                                     ; --              ; --          ; tb_system      ;
; EDA_NATIVELINK_SIMULATION_TEST_BENCH ; tb_system                              ; --              ; --          ; eda_simulation ;
; EDA_OUTPUT_DATA_FORMAT               ; Systemverilog Hdl                      ; --              ; --          ; eda_simulation ;
; EDA_SIMULATION_TOOL                  ; ModelSim-Altera (SystemVerilog)        ; <None>          ; --          ; --             ;
; EDA_TEST_BENCH_ENABLE_STATUS         ; TEST_BENCH_MODE                        ; --              ; --          ; eda_simulation ;
; EDA_TEST_BENCH_FILE                  ; tb_system.sv                           ; --              ; --          ; tb_system      ;
; EDA_TEST_BENCH_MODULE_NAME           ; tb_system                              ; --              ; --          ; tb_system      ;
; EDA_TEST_BENCH_NAME                  ; tb_system                              ; --              ; --          ; eda_simulation ;
; EDA_TIME_SCALE                       ; 1 ps                                   ; --              ; --          ; eda_simulation ;
; MAX_CORE_JUNCTION_TEMP               ; 85                                     ; --              ; --          ; --             ;
; MIN_CORE_JUNCTION_TEMP               ; 0                                      ; --              ; --          ; --             ;
; MISC_FILE                            ; memory/datamem1_bb.v                   ; --              ; --          ; --             ;
; MISC_FILE                            ; memory/datamem2_bb.v                   ; --              ; --          ; --             ;
; MISC_FILE                            ; memory/datamem3_bb.v                   ; --              ; --          ; --             ;
; MISC_FILE                            ; memory/datamem4_bb.v                   ; --              ; --          ; --             ;
; MISC_FILE                            ; memory/datamem5_bb.v                   ; --              ; --          ; --             ;
; PARTITION_COLOR                      ; -- (Not supported for targeted family) ; --              ; system      ; Top            ;
; PARTITION_FITTER_PRESERVATION_LEVEL  ; -- (Not supported for targeted family) ; --              ; system      ; Top            ;
; PARTITION_NETLIST_TYPE               ; -- (Not supported for targeted family) ; --              ; system      ; Top            ;
; POWER_BOARD_THERMAL_MODEL            ; None (CONSERVATIVE)                    ; --              ; --          ; --             ;
; POWER_PRESET_COOLING_SOLUTION        ; 23 MM HEAT SINK WITH 200 LFPM AIRFLOW  ; --              ; --          ; --             ;
; PROJECT_OUTPUT_DIRECTORY             ; output_files                           ; --              ; --          ; --             ;
; TOP_LEVEL_ENTITY                     ; system                                 ; Controlador_VGA ; --          ; --             ;
+--------------------------------------+----------------------------------------+-----------------+-------------+----------------+


+--------------------------------------------------------------------------------------------------------------------------+
; Flow Elapsed Time                                                                                                        ;
+----------------------+--------------+-------------------------+---------------------+------------------------------------+
; Module Name          ; Elapsed Time ; Average Processors Used ; Peak Virtual Memory ; Total CPU Time (on all processors) ;
+----------------------+--------------+-------------------------+---------------------+------------------------------------+
; Analysis & Synthesis ; 00:00:15     ; 1.0                     ; 4955 MB             ; 00:00:25                           ;
; Fitter               ; 00:01:25     ; 1.1                     ; 6693 MB             ; 00:03:22                           ;
; Assembler            ; 00:00:10     ; 1.0                     ; 4889 MB             ; 00:00:08                           ;
; Timing Analyzer      ; 00:00:11     ; 1.7                     ; 5209 MB             ; 00:00:13                           ;
; EDA Netlist Writer   ; 00:00:01     ; 1.0                     ; 4786 MB             ; 00:00:02                           ;
; Total                ; 00:02:02     ; --                      ; --                  ; 00:04:10                           ;
+----------------------+--------------+-------------------------+---------------------+------------------------------------+


+------------------------------------------------------------------------------------+
; Flow OS Summary                                                                    ;
+----------------------+------------------+------------+------------+----------------+
; Module Name          ; Machine Hostname ; OS Name    ; OS Version ; Processor type ;
+----------------------+------------------+------------+------------+----------------+
; Analysis & Synthesis ; Pablo-PC2        ; Windows 10 ; 10.0       ; x86_64         ;
; Fitter               ; Pablo-PC2        ; Windows 10 ; 10.0       ; x86_64         ;
; Assembler            ; Pablo-PC2        ; Windows 10 ; 10.0       ; x86_64         ;
; Timing Analyzer      ; Pablo-PC2        ; Windows 10 ; 10.0       ; x86_64         ;
; EDA Netlist Writer   ; Pablo-PC2        ; Windows 10 ; 10.0       ; x86_64         ;
+----------------------+------------------+------------+------------+----------------+


------------
; Flow Log ;
------------
quartus_map --read_settings_files=on --write_settings_files=off Controlador_VGA -c Controlador_VGA
quartus_fit --read_settings_files=off --write_settings_files=off Controlador_VGA -c Controlador_VGA
quartus_asm --read_settings_files=off --write_settings_files=off Controlador_VGA -c Controlador_VGA
quartus_sta Controlador_VGA -c Controlador_VGA
quartus_eda --read_settings_files=off --write_settings_files=off Controlador_VGA -c Controlador_VGA



