
ROM used:   1677/8192 (20%)
            1677/8192 (20%) including unused fragments

            1.2 Average locations per line
            8.4 Average locations per statement

RAM used:   30/368 (8%) at main() level
            52/368 (14%) worst case

Stack used: 6 worst case (6 in main + 0 for interrupts)
Stack size: 8

Lines Stmts  %   Files
----- ----- ---  -----
  120    75  38  main.c
  660     0   0  ..\..\..\..\..\..\..\..\Program Files (x86)\PICC\devices\16f877.h
  456    84  42  ..\..\..\..\..\..\..\..\Program Files (x86)\PICC\drivers\lcd.c
  135    40  20  ..\..\..\..\..\..\..\..\Program Files (x86)\PICC\drivers\kbd.c
----- -----
 1371   199 Total

Page ROM  %  RAM    Vol Diff  Functions:
---- --- --- ---    --- ----  ----------
0     21   1    1             @delay_ms1
 Inline         3    596  5.9  lcd_read_byte
0      6   0    0     59  4.2  lcd_read_nibble
0     12   1    1    179  3.3  lcd_send_nibble
0     64   4    3    460  4.7  lcd_send_byte
0     60   4    6    814  7.2  lcd_init
0     18   1    4    208  6.3  lcd_gotoxy
0     44   3    1    354  4.7  lcd_putc
0     16   1    0             @const696
0      3   0    0      3  0.0  kbd_init
0    138   8    3   4540 10.2  kbd_getc
 Inline         2             @MUL88
0    215  13    1    956  4.8  checkTemp
0     63   4   10             @FLT
0      8   0    0             @const715
0     86   5    4             @PSTRINGC7_682
0      8   0    0             @const720
0      8   0    0             @const721
0      8   0    0             @const722
0    228  14   14   1658  8.0  MAIN
0      4   0    0             @const733
0     31   2    2             @ITOF
0    204  12   14             @DIVFF
 Inline        13             @MULFF
 Inline         5             @FTOSD
0     79   5   13             @DIV3232
0    341  20   13             @PRINTF_L32D_682FPFPF
0      8   0    0             @const752
 Inline         0             @cinit1

Program metrics:
    Functions               11
    Statements              199
    Comments                278
    Volume (V)              13830
    Difficulty (D)          56.5
    Effort to implement (E) 781881
    Time to implement (T)   12 hours, 4 minutes
    Est Delivered Bugs (B)  3
    Cyclomatic Complexity   27
    Maintainability (MI)    136

 Segment     Used  Free
-----------  ----  ----
00000-00003     4  0  
00004-007FF  1673  371  
00800-00FFF     0  2048  
01000-017FF     0  2048  
01800-01FFF     0  2048  



