
ROM used:   16/8192 (0%)
            16/8192 (0%) including unused fragments

            0.0 Average locations per line
            0.2 Average locations per statement

RAM used:   9/368 (2%) at main() level
            9/368 (2%) worst case

Stack used: 0 worst case (0 in main + 0 for interrupts)
Stack size: 8

Lines Stmts  %   Files
----- ----- ---  -----
   13     0   0  main.c
  692     0   0  ..\..\..\..\Program Files (x86)\PICC\devices\16f877a.h
  456    84 100  ..\..\..\..\Program Files (x86)\PICC\drivers\lcd.c
----- -----
 1161    84 Total

Page ROM  %  RAM    Vol Diff  Functions:
---- --- --- ---    --- ----  ----------
0     12  75    0      3  0.0  MAIN
 Inline         0             @cinit1

Program metrics:
    Functions               1
    Statements              84
    Comments                222
    Volume (V)              4
    Difficulty (D)          0.0
    Effort to implement (E) 0
    Time to implement (T)   0 minutes
    Est Delivered Bugs (B)  0
    Cyclomatic Complexity   1
    Maintainability (MI)    47

 Segment     Used  Free
-----------  ----  ----
00000-00003     4  0  
00004-007FF    12  2032  
00800-00FFF     0  2048  
01000-017FF     0  2048  
01800-01FFF     0  2048  



